ARM GAS  /var/folders/kb/jp48nf6n0vs1vb3q737nlq0w0000gn/T//ccC83iqS.s 			page 1


   1              		.cpu cortex-m0
   2              		.arch armv6s-m
   3              		.fpu softvfp
   4              		.eabi_attribute 20, 1
   5              		.eabi_attribute 21, 1
   6              		.eabi_attribute 23, 3
   7              		.eabi_attribute 24, 1
   8              		.eabi_attribute 25, 1
   9              		.eabi_attribute 26, 1
  10              		.eabi_attribute 30, 1
  11              		.eabi_attribute 34, 0
  12              		.eabi_attribute 18, 4
  13              		.file	"stm32f0xx_it.c"
  14              		.text
  15              	.Ltext0:
  16              		.cfi_sections	.debug_frame
  17              		.file 1 "Src/stm32f0xx_it.c"
  18              		.section	.text.NMI_Handler,"ax",%progbits
  19              		.align	1
  20              		.global	NMI_Handler
  21              		.syntax unified
  22              		.code	16
  23              		.thumb_func
  25              	NMI_Handler:
  26              	.LFB40:
   1:Src/stm32f0xx_it.c **** /* USER CODE BEGIN Header */
   2:Src/stm32f0xx_it.c **** /**
   3:Src/stm32f0xx_it.c ****   ******************************************************************************
   4:Src/stm32f0xx_it.c ****   * @file    stm32f0xx_it.c
   5:Src/stm32f0xx_it.c ****   * @brief   Interrupt Service Routines.
   6:Src/stm32f0xx_it.c ****   ******************************************************************************
   7:Src/stm32f0xx_it.c ****   * @attention
   8:Src/stm32f0xx_it.c ****   *
   9:Src/stm32f0xx_it.c ****   * <h2><center>&copy; Copyright (c) 2020 STMicroelectronics.
  10:Src/stm32f0xx_it.c ****   * All rights reserved.</center></h2>
  11:Src/stm32f0xx_it.c ****   *
  12:Src/stm32f0xx_it.c ****   * This software component is licensed by ST under BSD 3-Clause license,
  13:Src/stm32f0xx_it.c ****   * the "License"; You may not use this file except in compliance with the
  14:Src/stm32f0xx_it.c ****   * License. You may obtain a copy of the License at:
  15:Src/stm32f0xx_it.c ****   *                        opensource.org/licenses/BSD-3-Clause
  16:Src/stm32f0xx_it.c ****   *
  17:Src/stm32f0xx_it.c ****   ******************************************************************************
  18:Src/stm32f0xx_it.c ****   */
  19:Src/stm32f0xx_it.c **** /* USER CODE END Header */
  20:Src/stm32f0xx_it.c **** 
  21:Src/stm32f0xx_it.c **** /* Includes ------------------------------------------------------------------*/
  22:Src/stm32f0xx_it.c **** #include "main.h"
  23:Src/stm32f0xx_it.c **** #include "stm32f0xx_it.h"
  24:Src/stm32f0xx_it.c **** /* Private includes ----------------------------------------------------------*/
  25:Src/stm32f0xx_it.c **** /* USER CODE BEGIN Includes */
  26:Src/stm32f0xx_it.c **** /* USER CODE END Includes */
  27:Src/stm32f0xx_it.c **** 
  28:Src/stm32f0xx_it.c **** /* Private typedef -----------------------------------------------------------*/
  29:Src/stm32f0xx_it.c **** /* USER CODE BEGIN TD */
  30:Src/stm32f0xx_it.c **** 
  31:Src/stm32f0xx_it.c **** /* USER CODE END TD */
  32:Src/stm32f0xx_it.c **** 
ARM GAS  /var/folders/kb/jp48nf6n0vs1vb3q737nlq0w0000gn/T//ccC83iqS.s 			page 2


  33:Src/stm32f0xx_it.c **** /* Private define ------------------------------------------------------------*/
  34:Src/stm32f0xx_it.c **** /* USER CODE BEGIN PD */
  35:Src/stm32f0xx_it.c ****  
  36:Src/stm32f0xx_it.c **** /* USER CODE END PD */
  37:Src/stm32f0xx_it.c **** 
  38:Src/stm32f0xx_it.c **** /* Private macro -------------------------------------------------------------*/
  39:Src/stm32f0xx_it.c **** /* USER CODE BEGIN PM */
  40:Src/stm32f0xx_it.c **** 
  41:Src/stm32f0xx_it.c **** /* USER CODE END PM */
  42:Src/stm32f0xx_it.c **** 
  43:Src/stm32f0xx_it.c **** /* Private variables ---------------------------------------------------------*/
  44:Src/stm32f0xx_it.c **** /* USER CODE BEGIN PV */
  45:Src/stm32f0xx_it.c **** 
  46:Src/stm32f0xx_it.c **** /* USER CODE END PV */
  47:Src/stm32f0xx_it.c **** 
  48:Src/stm32f0xx_it.c **** /* Private function prototypes -----------------------------------------------*/
  49:Src/stm32f0xx_it.c **** /* USER CODE BEGIN PFP */
  50:Src/stm32f0xx_it.c **** 
  51:Src/stm32f0xx_it.c **** /* USER CODE END PFP */
  52:Src/stm32f0xx_it.c **** 
  53:Src/stm32f0xx_it.c **** /* Private user code ---------------------------------------------------------*/
  54:Src/stm32f0xx_it.c **** /* USER CODE BEGIN 0 */
  55:Src/stm32f0xx_it.c **** 
  56:Src/stm32f0xx_it.c **** /* USER CODE END 0 */
  57:Src/stm32f0xx_it.c **** 
  58:Src/stm32f0xx_it.c **** /* External variables --------------------------------------------------------*/
  59:Src/stm32f0xx_it.c **** 
  60:Src/stm32f0xx_it.c **** /* USER CODE BEGIN EV */
  61:Src/stm32f0xx_it.c **** 
  62:Src/stm32f0xx_it.c **** /* USER CODE END EV */
  63:Src/stm32f0xx_it.c **** 
  64:Src/stm32f0xx_it.c **** /******************************************************************************/
  65:Src/stm32f0xx_it.c **** /*           Cortex-M0 Processor Interruption and Exception Handlers          */ 
  66:Src/stm32f0xx_it.c **** /******************************************************************************/
  67:Src/stm32f0xx_it.c **** /**
  68:Src/stm32f0xx_it.c ****   * @brief This function handles Non maskable interrupt.
  69:Src/stm32f0xx_it.c ****   */
  70:Src/stm32f0xx_it.c **** void NMI_Handler(void)
  71:Src/stm32f0xx_it.c **** {
  27              		.loc 1 71 1 view -0
  28              		.cfi_startproc
  29              		@ args = 0, pretend = 0, frame = 0
  30              		@ frame_needed = 0, uses_anonymous_args = 0
  31              		@ link register save eliminated.
  72:Src/stm32f0xx_it.c ****   /* USER CODE BEGIN NonMaskableInt_IRQn 0 */
  73:Src/stm32f0xx_it.c **** 
  74:Src/stm32f0xx_it.c ****   /* USER CODE END NonMaskableInt_IRQn 0 */
  75:Src/stm32f0xx_it.c ****   /* USER CODE BEGIN NonMaskableInt_IRQn 1 */
  76:Src/stm32f0xx_it.c **** 
  77:Src/stm32f0xx_it.c ****   /* USER CODE END NonMaskableInt_IRQn 1 */
  78:Src/stm32f0xx_it.c **** }
  32              		.loc 1 78 1 view .LVU1
  33              		@ sp needed
  34 0000 7047     		bx	lr
  35              		.cfi_endproc
  36              	.LFE40:
  38              		.section	.text.HardFault_Handler,"ax",%progbits
ARM GAS  /var/folders/kb/jp48nf6n0vs1vb3q737nlq0w0000gn/T//ccC83iqS.s 			page 3


  39              		.align	1
  40              		.global	HardFault_Handler
  41              		.syntax unified
  42              		.code	16
  43              		.thumb_func
  45              	HardFault_Handler:
  46              	.LFB41:
  79:Src/stm32f0xx_it.c **** 
  80:Src/stm32f0xx_it.c **** /**
  81:Src/stm32f0xx_it.c ****   * @brief This function handles Hard fault interrupt.
  82:Src/stm32f0xx_it.c ****   */
  83:Src/stm32f0xx_it.c **** void HardFault_Handler(void)
  84:Src/stm32f0xx_it.c **** {
  47              		.loc 1 84 1 view -0
  48              		.cfi_startproc
  49              		@ Volatile: function does not return.
  50              		@ args = 0, pretend = 0, frame = 0
  51              		@ frame_needed = 0, uses_anonymous_args = 0
  52              		@ link register save eliminated.
  53              	.L3:
  85:Src/stm32f0xx_it.c ****   /* USER CODE BEGIN HardFault_IRQn 0 */
  86:Src/stm32f0xx_it.c **** 
  87:Src/stm32f0xx_it.c ****   /* USER CODE END HardFault_IRQn 0 */
  88:Src/stm32f0xx_it.c ****   while (1)
  54              		.loc 1 88 3 view .LVU3
  89:Src/stm32f0xx_it.c ****   {
  90:Src/stm32f0xx_it.c ****     /* USER CODE BEGIN W1_HardFault_IRQn 0 */
  91:Src/stm32f0xx_it.c ****     /* USER CODE END W1_HardFault_IRQn 0 */
  92:Src/stm32f0xx_it.c ****   }
  55              		.loc 1 92 3 view .LVU4
  88:Src/stm32f0xx_it.c ****   {
  56              		.loc 1 88 9 view .LVU5
  57 0000 FEE7     		b	.L3
  58              		.cfi_endproc
  59              	.LFE41:
  61              		.section	.text.SVC_Handler,"ax",%progbits
  62              		.align	1
  63              		.global	SVC_Handler
  64              		.syntax unified
  65              		.code	16
  66              		.thumb_func
  68              	SVC_Handler:
  69              	.LFB42:
  93:Src/stm32f0xx_it.c **** }
  94:Src/stm32f0xx_it.c **** 
  95:Src/stm32f0xx_it.c **** /**
  96:Src/stm32f0xx_it.c ****   * @brief This function handles System service call via SWI instruction.
  97:Src/stm32f0xx_it.c ****   */
  98:Src/stm32f0xx_it.c **** void SVC_Handler(void)
  99:Src/stm32f0xx_it.c **** {
  70              		.loc 1 99 1 view -0
  71              		.cfi_startproc
  72              		@ args = 0, pretend = 0, frame = 0
  73              		@ frame_needed = 0, uses_anonymous_args = 0
  74              		@ link register save eliminated.
 100:Src/stm32f0xx_it.c ****   /* USER CODE BEGIN SVC_IRQn 0 */
 101:Src/stm32f0xx_it.c **** 
ARM GAS  /var/folders/kb/jp48nf6n0vs1vb3q737nlq0w0000gn/T//ccC83iqS.s 			page 4


 102:Src/stm32f0xx_it.c ****   /* USER CODE END SVC_IRQn 0 */
 103:Src/stm32f0xx_it.c ****   /* USER CODE BEGIN SVC_IRQn 1 */
 104:Src/stm32f0xx_it.c **** 
 105:Src/stm32f0xx_it.c ****   /* USER CODE END SVC_IRQn 1 */
 106:Src/stm32f0xx_it.c **** }
  75              		.loc 1 106 1 view .LVU7
  76              		@ sp needed
  77 0000 7047     		bx	lr
  78              		.cfi_endproc
  79              	.LFE42:
  81              		.section	.text.PendSV_Handler,"ax",%progbits
  82              		.align	1
  83              		.global	PendSV_Handler
  84              		.syntax unified
  85              		.code	16
  86              		.thumb_func
  88              	PendSV_Handler:
  89              	.LFB43:
 107:Src/stm32f0xx_it.c **** 
 108:Src/stm32f0xx_it.c **** /**
 109:Src/stm32f0xx_it.c ****   * @brief This function handles Pendable request for system service.
 110:Src/stm32f0xx_it.c ****   */
 111:Src/stm32f0xx_it.c **** void PendSV_Handler(void)
 112:Src/stm32f0xx_it.c **** {
  90              		.loc 1 112 1 view -0
  91              		.cfi_startproc
  92              		@ args = 0, pretend = 0, frame = 0
  93              		@ frame_needed = 0, uses_anonymous_args = 0
  94              		@ link register save eliminated.
 113:Src/stm32f0xx_it.c ****   /* USER CODE BEGIN PendSV_IRQn 0 */
 114:Src/stm32f0xx_it.c **** 
 115:Src/stm32f0xx_it.c ****   /* USER CODE END PendSV_IRQn 0 */
 116:Src/stm32f0xx_it.c ****   /* USER CODE BEGIN PendSV_IRQn 1 */
 117:Src/stm32f0xx_it.c **** 
 118:Src/stm32f0xx_it.c ****   /* USER CODE END PendSV_IRQn 1 */
 119:Src/stm32f0xx_it.c **** }
  95              		.loc 1 119 1 view .LVU9
  96              		@ sp needed
  97 0000 7047     		bx	lr
  98              		.cfi_endproc
  99              	.LFE43:
 101              		.section	.text.SysTick_Handler,"ax",%progbits
 102              		.align	1
 103              		.global	SysTick_Handler
 104              		.syntax unified
 105              		.code	16
 106              		.thumb_func
 108              	SysTick_Handler:
 109              	.LFB44:
 120:Src/stm32f0xx_it.c **** 
 121:Src/stm32f0xx_it.c **** /**
 122:Src/stm32f0xx_it.c ****   * @brief This function handles System tick timer.
 123:Src/stm32f0xx_it.c ****   */
 124:Src/stm32f0xx_it.c **** volatile int count = 0;
 125:Src/stm32f0xx_it.c **** void SysTick_Handler(void)
 126:Src/stm32f0xx_it.c **** {
 110              		.loc 1 126 1 view -0
ARM GAS  /var/folders/kb/jp48nf6n0vs1vb3q737nlq0w0000gn/T//ccC83iqS.s 			page 5


 111              		.cfi_startproc
 112              		@ args = 0, pretend = 0, frame = 0
 113              		@ frame_needed = 0, uses_anonymous_args = 0
 114 0000 10B5     		push	{r4, lr}
 115              	.LCFI0:
 116              		.cfi_def_cfa_offset 8
 117              		.cfi_offset 4, -8
 118              		.cfi_offset 14, -4
 127:Src/stm32f0xx_it.c ****   /* USER CODE BEGIN SysTick_IRQn 0 */
 128:Src/stm32f0xx_it.c **** 
 129:Src/stm32f0xx_it.c ****   /* USER CODE END SysTick_IRQn 0 */
 130:Src/stm32f0xx_it.c ****   HAL_IncTick();
 119              		.loc 1 130 3 view .LVU11
 120 0002 FFF7FEFF 		bl	HAL_IncTick
 121              	.LVL0:
 131:Src/stm32f0xx_it.c ****   /* USER CODE BEGIN SysTick_IRQn 1 */
 132:Src/stm32f0xx_it.c **** 
 133:Src/stm32f0xx_it.c ****   count++;
 122              		.loc 1 133 3 view .LVU12
 123              		.loc 1 133 8 is_stmt 0 view .LVU13
 124 0006 084B     		ldr	r3, .L9
 125 0008 1A68     		ldr	r2, [r3]
 126 000a 0132     		adds	r2, r2, #1
 127 000c 1A60     		str	r2, [r3]
 134:Src/stm32f0xx_it.c ****   if(count == 200) {
 128              		.loc 1 134 3 is_stmt 1 view .LVU14
 129              		.loc 1 134 12 is_stmt 0 view .LVU15
 130 000e 1B68     		ldr	r3, [r3]
 131              		.loc 1 134 5 view .LVU16
 132 0010 C82B     		cmp	r3, #200
 133 0012 00D0     		beq	.L8
 134              	.L6:
 135:Src/stm32f0xx_it.c ****     GPIOC -> ODR ^= GPIO_ODR_7; 
 136:Src/stm32f0xx_it.c ****     count = 0;
 137:Src/stm32f0xx_it.c ****   }
 138:Src/stm32f0xx_it.c **** 
 139:Src/stm32f0xx_it.c ****   
 140:Src/stm32f0xx_it.c **** 
 141:Src/stm32f0xx_it.c ****   /* USER CODE END SysTick_IRQn 1 */
 142:Src/stm32f0xx_it.c **** }
 135              		.loc 1 142 1 view .LVU17
 136              		@ sp needed
 137 0014 10BD     		pop	{r4, pc}
 138              	.L8:
 135:Src/stm32f0xx_it.c ****     GPIOC -> ODR ^= GPIO_ODR_7; 
 139              		.loc 1 135 5 is_stmt 1 view .LVU18
 135:Src/stm32f0xx_it.c ****     GPIOC -> ODR ^= GPIO_ODR_7; 
 140              		.loc 1 135 11 is_stmt 0 view .LVU19
 141 0016 054A     		ldr	r2, .L9+4
 142 0018 5369     		ldr	r3, [r2, #20]
 135:Src/stm32f0xx_it.c ****     GPIOC -> ODR ^= GPIO_ODR_7; 
 143              		.loc 1 135 18 view .LVU20
 144 001a 8021     		movs	r1, #128
 145 001c 4B40     		eors	r3, r1
 146 001e 5361     		str	r3, [r2, #20]
 136:Src/stm32f0xx_it.c ****   }
 147              		.loc 1 136 5 is_stmt 1 view .LVU21
ARM GAS  /var/folders/kb/jp48nf6n0vs1vb3q737nlq0w0000gn/T//ccC83iqS.s 			page 6


 136:Src/stm32f0xx_it.c ****   }
 148              		.loc 1 136 11 is_stmt 0 view .LVU22
 149 0020 014B     		ldr	r3, .L9
 150 0022 0022     		movs	r2, #0
 151 0024 1A60     		str	r2, [r3]
 152              		.loc 1 142 1 view .LVU23
 153 0026 F5E7     		b	.L6
 154              	.L10:
 155              		.align	2
 156              	.L9:
 157 0028 00000000 		.word	count
 158 002c 00080048 		.word	1207961600
 159              		.cfi_endproc
 160              	.LFE44:
 162              		.global	count
 163              		.section	.bss.count,"aw",%nobits
 164              		.align	2
 167              	count:
 168 0000 00000000 		.space	4
 169              		.text
 170              	.Letext0:
 171              		.file 2 "/Applications/ArmGNUToolchain/13.2.Rel1/arm-none-eabi/arm-none-eabi/include/machine/_defa
 172              		.file 3 "/Applications/ArmGNUToolchain/13.2.Rel1/arm-none-eabi/arm-none-eabi/include/sys/_stdint.h
 173              		.file 4 "Drivers/CMSIS/Device/ST/STM32F0xx/Include/stm32f072xb.h"
 174              		.file 5 "Drivers/STM32F0xx_HAL_Driver/Inc/stm32f0xx_hal.h"
ARM GAS  /var/folders/kb/jp48nf6n0vs1vb3q737nlq0w0000gn/T//ccC83iqS.s 			page 7


DEFINED SYMBOLS
                            *ABS*:00000000 stm32f0xx_it.c
/var/folders/kb/jp48nf6n0vs1vb3q737nlq0w0000gn/T//ccC83iqS.s:19     .text.NMI_Handler:00000000 $t
/var/folders/kb/jp48nf6n0vs1vb3q737nlq0w0000gn/T//ccC83iqS.s:25     .text.NMI_Handler:00000000 NMI_Handler
/var/folders/kb/jp48nf6n0vs1vb3q737nlq0w0000gn/T//ccC83iqS.s:39     .text.HardFault_Handler:00000000 $t
/var/folders/kb/jp48nf6n0vs1vb3q737nlq0w0000gn/T//ccC83iqS.s:45     .text.HardFault_Handler:00000000 HardFault_Handler
/var/folders/kb/jp48nf6n0vs1vb3q737nlq0w0000gn/T//ccC83iqS.s:62     .text.SVC_Handler:00000000 $t
/var/folders/kb/jp48nf6n0vs1vb3q737nlq0w0000gn/T//ccC83iqS.s:68     .text.SVC_Handler:00000000 SVC_Handler
/var/folders/kb/jp48nf6n0vs1vb3q737nlq0w0000gn/T//ccC83iqS.s:82     .text.PendSV_Handler:00000000 $t
/var/folders/kb/jp48nf6n0vs1vb3q737nlq0w0000gn/T//ccC83iqS.s:88     .text.PendSV_Handler:00000000 PendSV_Handler
/var/folders/kb/jp48nf6n0vs1vb3q737nlq0w0000gn/T//ccC83iqS.s:102    .text.SysTick_Handler:00000000 $t
/var/folders/kb/jp48nf6n0vs1vb3q737nlq0w0000gn/T//ccC83iqS.s:108    .text.SysTick_Handler:00000000 SysTick_Handler
/var/folders/kb/jp48nf6n0vs1vb3q737nlq0w0000gn/T//ccC83iqS.s:157    .text.SysTick_Handler:00000028 $d
/var/folders/kb/jp48nf6n0vs1vb3q737nlq0w0000gn/T//ccC83iqS.s:167    .bss.count:00000000 count
/var/folders/kb/jp48nf6n0vs1vb3q737nlq0w0000gn/T//ccC83iqS.s:164    .bss.count:00000000 $d

UNDEFINED SYMBOLS
HAL_IncTick
