ARM GAS  /var/folders/kb/jp48nf6n0vs1vb3q737nlq0w0000gn/T//ccMDh2OS.s 			page 1


   1              		.cpu cortex-m0
   2              		.arch armv6s-m
   3              		.fpu softvfp
   4              		.eabi_attribute 20, 1
   5              		.eabi_attribute 21, 1
   6              		.eabi_attribute 23, 3
   7              		.eabi_attribute 24, 1
   8              		.eabi_attribute 25, 1
   9              		.eabi_attribute 26, 1
  10              		.eabi_attribute 30, 1
  11              		.eabi_attribute 34, 0
  12              		.eabi_attribute 18, 4
  13              		.file	"main.c"
  14              		.text
  15              	.Ltext0:
  16              		.cfi_sections	.debug_frame
  17              		.file 1 "Src/main.c"
  18              		.section	.text.TIM2_IRQHandler,"ax",%progbits
  19              		.align	1
  20              		.global	TIM2_IRQHandler
  21              		.syntax unified
  22              		.code	16
  23              		.thumb_func
  25              	TIM2_IRQHandler:
  26              	.LFB41:
   1:Src/main.c    **** /**
   2:Src/main.c    ****   *
   3:Src/main.c    ****   * Brandon Mouser
   4:Src/main.c    ****   * U0962682
   5:Src/main.c    ****   *
   6:Src/main.c    ****   ******************************************************************************
   7:Src/main.c    ****   * File Name          : main.c
   8:Src/main.c    ****   * Description        : Main program body
   9:Src/main.c    ****   ******************************************************************************
  10:Src/main.c    ****   ** This notice applies to any and all portions of this file
  11:Src/main.c    ****   * that are not between comment pairs USER CODE BEGIN and
  12:Src/main.c    ****   * USER CODE END. Other portions of this file, whether
  13:Src/main.c    ****   * inserted by the user or by software development tools
  14:Src/main.c    ****   * are owned by their respective copyright owners.
  15:Src/main.c    ****   *
  16:Src/main.c    ****   * COPYRIGHT(c) 2018 STMicroelectronics
  17:Src/main.c    ****   *
  18:Src/main.c    ****   * Redistribution and use in source and binary forms, with or without modification,
  19:Src/main.c    ****   * are permitted provided that the following conditions are met:
  20:Src/main.c    ****   *   1. Redistributions of source code must retain the above copyright notice,
  21:Src/main.c    ****   *      this list of conditions and the following disclaimer.
  22:Src/main.c    ****   *   2. Redistributions in binary form must reproduce the above copyright notice,
  23:Src/main.c    ****   *      this list of conditions and the following disclaimer in the documentation
  24:Src/main.c    ****   *      and/or other materials provided with the distribution.
  25:Src/main.c    ****   *   3. Neither the name of STMicroelectronics nor the names of its contributors
  26:Src/main.c    ****   *      may be used to endorse or promote products derived from this software
  27:Src/main.c    ****   *      without specific prior written permission.
  28:Src/main.c    ****   *
  29:Src/main.c    ****   * THIS SOFTWARE IS PROVIDED BY THE COPYRIGHT HOLDERS AND CONTRIBUTORS "AS IS"
  30:Src/main.c    ****   * AND ANY EXPRESS OR IMPLIED WARRANTIES, INCLUDING, BUT NOT LIMITED TO, THE
  31:Src/main.c    ****   * IMPLIED WARRANTIES OF MERCHANTABILITY AND FITNESS FOR A PARTICULAR PURPOSE ARE
  32:Src/main.c    ****   * DISCLAIMED. IN NO EVENT SHALL THE COPYRIGHT HOLDER OR CONTRIBUTORS BE LIABLE
ARM GAS  /var/folders/kb/jp48nf6n0vs1vb3q737nlq0w0000gn/T//ccMDh2OS.s 			page 2


  33:Src/main.c    ****   * FOR ANY DIRECT, INDIRECT, INCIDENTAL, SPECIAL, EXEMPLARY, OR CONSEQUENTIAL
  34:Src/main.c    ****   * DAMAGES (INCLUDING, BUT NOT LIMITED TO, PROCUREMENT OF SUBSTITUTE GOODS OR
  35:Src/main.c    ****   * SERVICES; LOSS OF USE, DATA, OR PROFITS; OR BUSINESS INTERRUPTION) HOWEVER
  36:Src/main.c    ****   * CAUSED AND ON ANY THEORY OF LIABILITY, WHETHER IN CONTRACT, STRICT LIABILITY,
  37:Src/main.c    ****   * OR TORT (INCLUDING NEGLIGENCE OR OTHERWISE) ARISING IN ANY WAY OUT OF THE USE
  38:Src/main.c    ****   * OF THIS SOFTWARE, EVEN IF ADVISED OF THE POSSIBILITY OF SUCH DAMAGE.
  39:Src/main.c    ****   *
  40:Src/main.c    ****   ******************************************************************************
  41:Src/main.c    ****   */
  42:Src/main.c    **** 
  43:Src/main.c    **** /* Includes ------------------------------------------------------------------*/
  44:Src/main.c    **** #include "main.h"
  45:Src/main.c    **** #include "stm32f0xx_hal.h"
  46:Src/main.c    **** void _Error_Handler(char * file, int line);
  47:Src/main.c    **** 
  48:Src/main.c    **** /* USER CODE BEGIN Includes */
  49:Src/main.c    **** 
  50:Src/main.c    **** /* USER CODE END Includes */
  51:Src/main.c    **** 
  52:Src/main.c    **** /* Private variables ---------------------------------------------------------*/
  53:Src/main.c    **** 
  54:Src/main.c    **** /* USER CODE BEGIN PV */
  55:Src/main.c    **** /* Private variables ---------------------------------------------------------*/
  56:Src/main.c    **** 
  57:Src/main.c    **** /* USER CODE END PV */
  58:Src/main.c    **** 
  59:Src/main.c    **** /* Private function prototypes -----------------------------------------------*/
  60:Src/main.c    **** void SystemClock_Config(void);
  61:Src/main.c    **** 
  62:Src/main.c    **** /* USER CODE BEGIN PFP */
  63:Src/main.c    **** /* Private function prototypes -----------------------------------------------*/
  64:Src/main.c    **** 
  65:Src/main.c    **** /* USER CODE END PFP */
  66:Src/main.c    **** 
  67:Src/main.c    **** /* USER CODE BEGIN 0 */
  68:Src/main.c    **** 
  69:Src/main.c    **** /* USER CODE END 0 */
  70:Src/main.c    **** 
  71:Src/main.c    **** int main(void)
  72:Src/main.c    **** {
  73:Src/main.c    ****   SystemClock_Config();
  74:Src/main.c    **** 
  75:Src/main.c    ****   RCC->APB1ENR |= RCC_APB1ENR_TIM2EN;
  76:Src/main.c    ****   RCC->AHBENR |= RCC_AHBENR_GPIOCEN;
  77:Src/main.c    ****   // For part 3.2
  78:Src/main.c    ****   RCC->APB1ENR |= RCC_APB1ENR_TIM3EN;
  79:Src/main.c    **** 
  80:Src/main.c    ****   // Set PSC to 7999
  81:Src/main.c    ****   TIM2 -> PSC = 7999;
  82:Src/main.c    **** 
  83:Src/main.c    ****   // Set ARR for TIM2
  84:Src/main.c    ****   TIM2 -> ARR = 250;
  85:Src/main.c    **** 
  86:Src/main.c    ****   // For part 3.2
  87:Src/main.c    ****   // Set PSC to 79
  88:Src/main.c    ****   TIM3 -> PSC = 79;
  89:Src/main.c    **** 
ARM GAS  /var/folders/kb/jp48nf6n0vs1vb3q737nlq0w0000gn/T//ccMDh2OS.s 			page 3


  90:Src/main.c    ****   // Set ARR for TIM2
  91:Src/main.c    ****   TIM3 -> ARR = 125;
  92:Src/main.c    **** 
  93:Src/main.c    ****   TIM3 -> CCMR1 &= ~((1<<0) | (1<<1) | (1<<8) | (1<<9)); // Set channels to output
  94:Src/main.c    ****   TIM3 -> CCMR1 |= ((1<<4) | (1<<5) | (1<<6)); // Set output channel to PWM Mode 2
  95:Src/main.c    ****   TIM3 -> CCMR1 &= ~(1<<12); // Set channel 2 to PWM Mode 1
  96:Src/main.c    ****   TIM3 -> CCMR1 |= ((1<<4) | (1<<5)); // Set channel 2 to PWM Mode 1
  97:Src/main.c    ****   TIM3 -> CCMR1 |= ((1<<3) | (1<<11)); // Output compare preload
  98:Src/main.c    **** 
  99:Src/main.c    ****   // Set CCER
 100:Src/main.c    ****   TIM3 -> CCER |= ((1<<0) | (1<<4));
 101:Src/main.c    **** 
 102:Src/main.c    ****   TIM3 -> CCR1 = 25;
 103:Src/main.c    ****   TIM3 -> CCR2 = 25;
 104:Src/main.c    **** 
 105:Src/main.c    ****   // Enable the update interrupt
 106:Src/main.c    ****   TIM2 -> DIER |= (1<<0);
 107:Src/main.c    **** 
 108:Src/main.c    ****   NVIC_EnableIRQ(TIM2_IRQn);
 109:Src/main.c    **** 
 110:Src/main.c    ****   // Set up LEDs
 111:Src/main.c    **** 	GPIOC -> MODER |= (1 << 16); // PIN 8 (ORANGE)
 112:Src/main.c    **** 	GPIOC -> MODER |= (1 << 18); // PIN 9 (GREEN)
 113:Src/main.c    **** 
 114:Src/main.c    **** 	GPIOC -> OTYPER &= ~(1 << 8);
 115:Src/main.c    **** 	GPIOC -> OTYPER &= ~(1 << 9);
 116:Src/main.c    **** 
 117:Src/main.c    **** 	GPIOC -> OSPEEDR &= ~(1 << 16);
 118:Src/main.c    **** 	GPIOC -> OSPEEDR &= ~(1 << 18);
 119:Src/main.c    **** 
 120:Src/main.c    **** 	GPIOC -> PUPDR &= ~((1 << 16)|(1 << 17));
 121:Src/main.c    **** 	GPIOC -> PUPDR &= ~((1 << 18)|(1 << 19));
 122:Src/main.c    **** 
 123:Src/main.c    ****   // Set Green LED to high
 124:Src/main.c    ****   GPIOC -> ODR = GPIO_ODR_9;
 125:Src/main.c    **** 
 126:Src/main.c    ****   // Enable timer
 127:Src/main.c    ****   TIM2 -> CR1 |= (1<<0);
 128:Src/main.c    **** 
 129:Src/main.c    **** }
 130:Src/main.c    **** 
 131:Src/main.c    **** void TIM2_IRQHandler(void) { 
  27              		.loc 1 131 28 view -0
  28              		.cfi_startproc
  29              		@ args = 0, pretend = 0, frame = 0
  30              		@ frame_needed = 0, uses_anonymous_args = 0
  31              		@ link register save eliminated.
 132:Src/main.c    ****   GPIOC -> ODR ^= GPIO_ODR_8 | GPIO_ODR_9; // Toggle either orange or green on
  32              		.loc 1 132 3 view .LVU1
  33              		.loc 1 132 9 is_stmt 0 view .LVU2
  34 0000 064A     		ldr	r2, .L2
  35 0002 5169     		ldr	r1, [r2, #20]
  36              		.loc 1 132 16 view .LVU3
  37 0004 C023     		movs	r3, #192
  38 0006 9B00     		lsls	r3, r3, #2
  39 0008 4B40     		eors	r3, r1
  40 000a 5361     		str	r3, [r2, #20]
ARM GAS  /var/folders/kb/jp48nf6n0vs1vb3q737nlq0w0000gn/T//ccMDh2OS.s 			page 4


 133:Src/main.c    **** 
 134:Src/main.c    ****   TIM2 -> SR &= ~(1<<0);
  41              		.loc 1 134 3 is_stmt 1 view .LVU4
  42              		.loc 1 134 8 is_stmt 0 view .LVU5
  43 000c 8022     		movs	r2, #128
  44 000e D205     		lsls	r2, r2, #23
  45 0010 1369     		ldr	r3, [r2, #16]
  46              		.loc 1 134 14 view .LVU6
  47 0012 0121     		movs	r1, #1
  48 0014 8B43     		bics	r3, r1
  49 0016 1361     		str	r3, [r2, #16]
 135:Src/main.c    **** }
  50              		.loc 1 135 1 view .LVU7
  51              		@ sp needed
  52 0018 7047     		bx	lr
  53              	.L3:
  54 001a C046     		.align	2
  55              	.L2:
  56 001c 00080048 		.word	1207961600
  57              		.cfi_endproc
  58              	.LFE41:
  60              		.section	.text._Error_Handler,"ax",%progbits
  61              		.align	1
  62              		.global	_Error_Handler
  63              		.syntax unified
  64              		.code	16
  65              		.thumb_func
  67              	_Error_Handler:
  68              	.LFB43:
 136:Src/main.c    **** 
 137:Src/main.c    **** /** System Clock Configuration
 138:Src/main.c    **** */
 139:Src/main.c    **** void SystemClock_Config(void)
 140:Src/main.c    **** {
 141:Src/main.c    **** 
 142:Src/main.c    ****   RCC_OscInitTypeDef RCC_OscInitStruct;
 143:Src/main.c    ****   RCC_ClkInitTypeDef RCC_ClkInitStruct;
 144:Src/main.c    **** 
 145:Src/main.c    ****     /**Initializes the CPU, AHB and APB busses clocks
 146:Src/main.c    ****     */
 147:Src/main.c    ****   RCC_OscInitStruct.OscillatorType = RCC_OSCILLATORTYPE_HSI;
 148:Src/main.c    ****   RCC_OscInitStruct.HSIState = RCC_HSI_ON;
 149:Src/main.c    ****   RCC_OscInitStruct.HSICalibrationValue = 16;
 150:Src/main.c    ****   RCC_OscInitStruct.PLL.PLLState = RCC_PLL_NONE;
 151:Src/main.c    ****   if (HAL_RCC_OscConfig(&RCC_OscInitStruct) != HAL_OK)
 152:Src/main.c    ****   {
 153:Src/main.c    ****     _Error_Handler(__FILE__, __LINE__);
 154:Src/main.c    ****   }
 155:Src/main.c    **** 
 156:Src/main.c    ****     /**Initializes the CPU, AHB and APB busses clocks
 157:Src/main.c    ****     */
 158:Src/main.c    ****   RCC_ClkInitStruct.ClockType = RCC_CLOCKTYPE_HCLK|RCC_CLOCKTYPE_SYSCLK
 159:Src/main.c    ****                               |RCC_CLOCKTYPE_PCLK1;
 160:Src/main.c    ****   RCC_ClkInitStruct.SYSCLKSource = RCC_SYSCLKSOURCE_HSI;
 161:Src/main.c    ****   RCC_ClkInitStruct.AHBCLKDivider = RCC_SYSCLK_DIV1;
 162:Src/main.c    ****   RCC_ClkInitStruct.APB1CLKDivider = RCC_HCLK_DIV1;
 163:Src/main.c    **** 
ARM GAS  /var/folders/kb/jp48nf6n0vs1vb3q737nlq0w0000gn/T//ccMDh2OS.s 			page 5


 164:Src/main.c    ****   if (HAL_RCC_ClockConfig(&RCC_ClkInitStruct, FLASH_LATENCY_0) != HAL_OK)
 165:Src/main.c    ****   {
 166:Src/main.c    ****     _Error_Handler(__FILE__, __LINE__);
 167:Src/main.c    ****   }
 168:Src/main.c    **** 
 169:Src/main.c    ****     /**Configure the Systick interrupt time
 170:Src/main.c    ****     */
 171:Src/main.c    ****   HAL_SYSTICK_Config(HAL_RCC_GetHCLKFreq()/1000);
 172:Src/main.c    **** 
 173:Src/main.c    ****     /**Configure the Systick
 174:Src/main.c    ****     */
 175:Src/main.c    ****   HAL_SYSTICK_CLKSourceConfig(SYSTICK_CLKSOURCE_HCLK);
 176:Src/main.c    **** 
 177:Src/main.c    ****   /* SysTick_IRQn interrupt configuration */
 178:Src/main.c    ****   HAL_NVIC_SetPriority(SysTick_IRQn, 0, 0);
 179:Src/main.c    **** }
 180:Src/main.c    **** 
 181:Src/main.c    **** /* USER CODE BEGIN 4 */
 182:Src/main.c    **** 
 183:Src/main.c    **** /* USER CODE END 4 */
 184:Src/main.c    **** 
 185:Src/main.c    **** /**
 186:Src/main.c    ****   * @brief  This function is executed in case of error occurrence.
 187:Src/main.c    ****   * @param  None
 188:Src/main.c    ****   * @retval None
 189:Src/main.c    ****   */
 190:Src/main.c    **** void _Error_Handler(char * file, int line)
 191:Src/main.c    **** {
  69              		.loc 1 191 1 is_stmt 1 view -0
  70              		.cfi_startproc
  71              		@ Volatile: function does not return.
  72              		@ args = 0, pretend = 0, frame = 0
  73              		@ frame_needed = 0, uses_anonymous_args = 0
  74              		@ link register save eliminated.
  75              	.LVL0:
  76              	.L5:
 192:Src/main.c    ****   /* USER CODE BEGIN Error_Handler_Debug */
 193:Src/main.c    ****   /* User can add his own implementation to report the HAL error return state */
 194:Src/main.c    ****   while(1)
  77              		.loc 1 194 3 view .LVU9
 195:Src/main.c    ****   {
 196:Src/main.c    ****   }
  78              		.loc 1 196 3 view .LVU10
 194:Src/main.c    ****   {
  79              		.loc 1 194 8 view .LVU11
  80 0000 FEE7     		b	.L5
  81              		.cfi_endproc
  82              	.LFE43:
  84              		.section	.rodata.SystemClock_Config.str1.4,"aMS",%progbits,1
  85              		.align	2
  86              	.LC0:
  87 0000 5372632F 		.ascii	"Src/main.c\000"
  87      6D61696E 
  87      2E6300
  88              		.global	__aeabi_uidiv
  89              		.section	.text.SystemClock_Config,"ax",%progbits
  90              		.align	1
ARM GAS  /var/folders/kb/jp48nf6n0vs1vb3q737nlq0w0000gn/T//ccMDh2OS.s 			page 6


  91              		.global	SystemClock_Config
  92              		.syntax unified
  93              		.code	16
  94              		.thumb_func
  96              	SystemClock_Config:
  97              	.LFB42:
 140:Src/main.c    **** 
  98              		.loc 1 140 1 view -0
  99              		.cfi_startproc
 100              		@ args = 0, pretend = 0, frame = 72
 101              		@ frame_needed = 0, uses_anonymous_args = 0
 102 0000 00B5     		push	{lr}
 103              	.LCFI0:
 104              		.cfi_def_cfa_offset 4
 105              		.cfi_offset 14, -4
 106 0002 93B0     		sub	sp, sp, #76
 107              	.LCFI1:
 108              		.cfi_def_cfa_offset 80
 142:Src/main.c    ****   RCC_ClkInitTypeDef RCC_ClkInitStruct;
 109              		.loc 1 142 3 view .LVU13
 143:Src/main.c    **** 
 110              		.loc 1 143 3 view .LVU14
 147:Src/main.c    ****   RCC_OscInitStruct.HSIState = RCC_HSI_ON;
 111              		.loc 1 147 3 view .LVU15
 147:Src/main.c    ****   RCC_OscInitStruct.HSIState = RCC_HSI_ON;
 112              		.loc 1 147 36 is_stmt 0 view .LVU16
 113 0004 0223     		movs	r3, #2
 114 0006 0593     		str	r3, [sp, #20]
 148:Src/main.c    ****   RCC_OscInitStruct.HSICalibrationValue = 16;
 115              		.loc 1 148 3 is_stmt 1 view .LVU17
 148:Src/main.c    ****   RCC_OscInitStruct.HSICalibrationValue = 16;
 116              		.loc 1 148 30 is_stmt 0 view .LVU18
 117 0008 013B     		subs	r3, r3, #1
 118 000a 0893     		str	r3, [sp, #32]
 149:Src/main.c    ****   RCC_OscInitStruct.PLL.PLLState = RCC_PLL_NONE;
 119              		.loc 1 149 3 is_stmt 1 view .LVU19
 149:Src/main.c    ****   RCC_OscInitStruct.PLL.PLLState = RCC_PLL_NONE;
 120              		.loc 1 149 41 is_stmt 0 view .LVU20
 121 000c 0F33     		adds	r3, r3, #15
 122 000e 0993     		str	r3, [sp, #36]
 150:Src/main.c    ****   if (HAL_RCC_OscConfig(&RCC_OscInitStruct) != HAL_OK)
 123              		.loc 1 150 3 is_stmt 1 view .LVU21
 150:Src/main.c    ****   if (HAL_RCC_OscConfig(&RCC_OscInitStruct) != HAL_OK)
 124              		.loc 1 150 34 is_stmt 0 view .LVU22
 125 0010 0023     		movs	r3, #0
 126 0012 0E93     		str	r3, [sp, #56]
 151:Src/main.c    ****   {
 127              		.loc 1 151 3 is_stmt 1 view .LVU23
 151:Src/main.c    ****   {
 128              		.loc 1 151 7 is_stmt 0 view .LVU24
 129 0014 05A8     		add	r0, sp, #20
 130 0016 FFF7FEFF 		bl	HAL_RCC_OscConfig
 131              	.LVL1:
 151:Src/main.c    ****   {
 132              		.loc 1 151 6 discriminator 1 view .LVU25
 133 001a 0028     		cmp	r0, #0
 134 001c 1ED1     		bne	.L9
ARM GAS  /var/folders/kb/jp48nf6n0vs1vb3q737nlq0w0000gn/T//ccMDh2OS.s 			page 7


 158:Src/main.c    ****                               |RCC_CLOCKTYPE_PCLK1;
 135              		.loc 1 158 3 is_stmt 1 view .LVU26
 158:Src/main.c    ****                               |RCC_CLOCKTYPE_PCLK1;
 136              		.loc 1 158 31 is_stmt 0 view .LVU27
 137 001e 0723     		movs	r3, #7
 138 0020 0193     		str	r3, [sp, #4]
 160:Src/main.c    ****   RCC_ClkInitStruct.AHBCLKDivider = RCC_SYSCLK_DIV1;
 139              		.loc 1 160 3 is_stmt 1 view .LVU28
 160:Src/main.c    ****   RCC_ClkInitStruct.AHBCLKDivider = RCC_SYSCLK_DIV1;
 140              		.loc 1 160 34 is_stmt 0 view .LVU29
 141 0022 0023     		movs	r3, #0
 142 0024 0293     		str	r3, [sp, #8]
 161:Src/main.c    ****   RCC_ClkInitStruct.APB1CLKDivider = RCC_HCLK_DIV1;
 143              		.loc 1 161 3 is_stmt 1 view .LVU30
 161:Src/main.c    ****   RCC_ClkInitStruct.APB1CLKDivider = RCC_HCLK_DIV1;
 144              		.loc 1 161 35 is_stmt 0 view .LVU31
 145 0026 0393     		str	r3, [sp, #12]
 162:Src/main.c    **** 
 146              		.loc 1 162 3 is_stmt 1 view .LVU32
 162:Src/main.c    **** 
 147              		.loc 1 162 36 is_stmt 0 view .LVU33
 148 0028 0493     		str	r3, [sp, #16]
 164:Src/main.c    ****   {
 149              		.loc 1 164 3 is_stmt 1 view .LVU34
 164:Src/main.c    ****   {
 150              		.loc 1 164 7 is_stmt 0 view .LVU35
 151 002a 0021     		movs	r1, #0
 152 002c 01A8     		add	r0, sp, #4
 153 002e FFF7FEFF 		bl	HAL_RCC_ClockConfig
 154              	.LVL2:
 164:Src/main.c    ****   {
 155              		.loc 1 164 6 discriminator 1 view .LVU36
 156 0032 0028     		cmp	r0, #0
 157 0034 16D1     		bne	.L10
 171:Src/main.c    **** 
 158              		.loc 1 171 3 is_stmt 1 view .LVU37
 171:Src/main.c    **** 
 159              		.loc 1 171 22 is_stmt 0 view .LVU38
 160 0036 FFF7FEFF 		bl	HAL_RCC_GetHCLKFreq
 161              	.LVL3:
 171:Src/main.c    **** 
 162              		.loc 1 171 3 discriminator 1 view .LVU39
 163 003a FA21     		movs	r1, #250
 164 003c 8900     		lsls	r1, r1, #2
 165 003e FFF7FEFF 		bl	__aeabi_uidiv
 166              	.LVL4:
 167 0042 FFF7FEFF 		bl	HAL_SYSTICK_Config
 168              	.LVL5:
 175:Src/main.c    **** 
 169              		.loc 1 175 3 is_stmt 1 view .LVU40
 170 0046 0420     		movs	r0, #4
 171 0048 FFF7FEFF 		bl	HAL_SYSTICK_CLKSourceConfig
 172              	.LVL6:
 178:Src/main.c    **** }
 173              		.loc 1 178 3 view .LVU41
 174 004c 0120     		movs	r0, #1
 175 004e 0022     		movs	r2, #0
ARM GAS  /var/folders/kb/jp48nf6n0vs1vb3q737nlq0w0000gn/T//ccMDh2OS.s 			page 8


 176 0050 0021     		movs	r1, #0
 177 0052 4042     		rsbs	r0, r0, #0
 178 0054 FFF7FEFF 		bl	HAL_NVIC_SetPriority
 179              	.LVL7:
 179:Src/main.c    **** 
 180              		.loc 1 179 1 is_stmt 0 view .LVU42
 181 0058 13B0     		add	sp, sp, #76
 182              		@ sp needed
 183 005a 00BD     		pop	{pc}
 184              	.L9:
 153:Src/main.c    ****   }
 185              		.loc 1 153 5 is_stmt 1 view .LVU43
 186 005c 0348     		ldr	r0, .L11
 187 005e 9921     		movs	r1, #153
 188 0060 FFF7FEFF 		bl	_Error_Handler
 189              	.LVL8:
 190              	.L10:
 166:Src/main.c    ****   }
 191              		.loc 1 166 5 view .LVU44
 192 0064 0148     		ldr	r0, .L11
 193 0066 A621     		movs	r1, #166
 194 0068 FFF7FEFF 		bl	_Error_Handler
 195              	.LVL9:
 196              	.L12:
 197              		.align	2
 198              	.L11:
 199 006c 00000000 		.word	.LC0
 200              		.cfi_endproc
 201              	.LFE42:
 203              		.section	.text.main,"ax",%progbits
 204              		.align	1
 205              		.global	main
 206              		.syntax unified
 207              		.code	16
 208              		.thumb_func
 210              	main:
 211              	.LFB40:
  72:Src/main.c    ****   SystemClock_Config();
 212              		.loc 1 72 1 view -0
 213              		.cfi_startproc
 214              		@ args = 0, pretend = 0, frame = 0
 215              		@ frame_needed = 0, uses_anonymous_args = 0
 216 0000 10B5     		push	{r4, lr}
 217              	.LCFI2:
 218              		.cfi_def_cfa_offset 8
 219              		.cfi_offset 4, -8
 220              		.cfi_offset 14, -4
  73:Src/main.c    **** 
 221              		.loc 1 73 3 view .LVU46
 222 0002 FFF7FEFF 		bl	SystemClock_Config
 223              	.LVL10:
  75:Src/main.c    ****   RCC->AHBENR |= RCC_AHBENR_GPIOCEN;
 224              		.loc 1 75 3 view .LVU47
  75:Src/main.c    ****   RCC->AHBENR |= RCC_AHBENR_GPIOCEN;
 225              		.loc 1 75 6 is_stmt 0 view .LVU48
 226 0006 334B     		ldr	r3, .L14
 227 0008 DA69     		ldr	r2, [r3, #28]
ARM GAS  /var/folders/kb/jp48nf6n0vs1vb3q737nlq0w0000gn/T//ccMDh2OS.s 			page 9


  75:Src/main.c    ****   RCC->AHBENR |= RCC_AHBENR_GPIOCEN;
 228              		.loc 1 75 16 view .LVU49
 229 000a 0121     		movs	r1, #1
 230 000c 0A43     		orrs	r2, r1
 231 000e DA61     		str	r2, [r3, #28]
  76:Src/main.c    ****   // For part 3.2
 232              		.loc 1 76 3 is_stmt 1 view .LVU50
  76:Src/main.c    ****   // For part 3.2
 233              		.loc 1 76 6 is_stmt 0 view .LVU51
 234 0010 5869     		ldr	r0, [r3, #20]
  76:Src/main.c    ****   // For part 3.2
 235              		.loc 1 76 15 view .LVU52
 236 0012 8022     		movs	r2, #128
 237 0014 1203     		lsls	r2, r2, #12
 238 0016 0243     		orrs	r2, r0
 239 0018 5A61     		str	r2, [r3, #20]
  78:Src/main.c    **** 
 240              		.loc 1 78 3 is_stmt 1 view .LVU53
  78:Src/main.c    **** 
 241              		.loc 1 78 6 is_stmt 0 view .LVU54
 242 001a DA69     		ldr	r2, [r3, #28]
  78:Src/main.c    **** 
 243              		.loc 1 78 16 view .LVU55
 244 001c 0220     		movs	r0, #2
 245 001e 0243     		orrs	r2, r0
 246 0020 DA61     		str	r2, [r3, #28]
  81:Src/main.c    **** 
 247              		.loc 1 81 3 is_stmt 1 view .LVU56
  81:Src/main.c    **** 
 248              		.loc 1 81 15 is_stmt 0 view .LVU57
 249 0022 8022     		movs	r2, #128
 250 0024 D205     		lsls	r2, r2, #23
 251 0026 2C4B     		ldr	r3, .L14+4
 252 0028 9362     		str	r3, [r2, #40]
  84:Src/main.c    **** 
 253              		.loc 1 84 3 is_stmt 1 view .LVU58
  84:Src/main.c    **** 
 254              		.loc 1 84 15 is_stmt 0 view .LVU59
 255 002a FA23     		movs	r3, #250
 256 002c D362     		str	r3, [r2, #44]
  88:Src/main.c    **** 
 257              		.loc 1 88 3 is_stmt 1 view .LVU60
  88:Src/main.c    **** 
 258              		.loc 1 88 15 is_stmt 0 view .LVU61
 259 002e 2B4B     		ldr	r3, .L14+8
 260 0030 4D30     		adds	r0, r0, #77
 261 0032 9862     		str	r0, [r3, #40]
  91:Src/main.c    **** 
 262              		.loc 1 91 3 is_stmt 1 view .LVU62
  91:Src/main.c    **** 
 263              		.loc 1 91 15 is_stmt 0 view .LVU63
 264 0034 2E30     		adds	r0, r0, #46
 265 0036 D862     		str	r0, [r3, #44]
  93:Src/main.c    ****   TIM3 -> CCMR1 |= ((1<<4) | (1<<5) | (1<<6)); // Set output channel to PWM Mode 2
 266              		.loc 1 93 3 is_stmt 1 view .LVU64
  93:Src/main.c    ****   TIM3 -> CCMR1 |= ((1<<4) | (1<<5) | (1<<6)); // Set output channel to PWM Mode 2
 267              		.loc 1 93 8 is_stmt 0 view .LVU65
ARM GAS  /var/folders/kb/jp48nf6n0vs1vb3q737nlq0w0000gn/T//ccMDh2OS.s 			page 10


 268 0038 9869     		ldr	r0, [r3, #24]
  93:Src/main.c    ****   TIM3 -> CCMR1 |= ((1<<4) | (1<<5) | (1<<6)); // Set output channel to PWM Mode 2
 269              		.loc 1 93 17 view .LVU66
 270 003a 294C     		ldr	r4, .L14+12
 271 003c 2040     		ands	r0, r4
 272 003e 9861     		str	r0, [r3, #24]
  94:Src/main.c    ****   TIM3 -> CCMR1 &= ~(1<<12); // Set channel 2 to PWM Mode 1
 273              		.loc 1 94 3 is_stmt 1 view .LVU67
  94:Src/main.c    ****   TIM3 -> CCMR1 &= ~(1<<12); // Set channel 2 to PWM Mode 1
 274              		.loc 1 94 8 is_stmt 0 view .LVU68
 275 0040 9869     		ldr	r0, [r3, #24]
  94:Src/main.c    ****   TIM3 -> CCMR1 &= ~(1<<12); // Set channel 2 to PWM Mode 1
 276              		.loc 1 94 17 view .LVU69
 277 0042 7024     		movs	r4, #112
 278 0044 2043     		orrs	r0, r4
 279 0046 9861     		str	r0, [r3, #24]
  95:Src/main.c    ****   TIM3 -> CCMR1 |= ((1<<4) | (1<<5)); // Set channel 2 to PWM Mode 1
 280              		.loc 1 95 3 is_stmt 1 view .LVU70
  95:Src/main.c    ****   TIM3 -> CCMR1 |= ((1<<4) | (1<<5)); // Set channel 2 to PWM Mode 1
 281              		.loc 1 95 8 is_stmt 0 view .LVU71
 282 0048 9869     		ldr	r0, [r3, #24]
  95:Src/main.c    ****   TIM3 -> CCMR1 |= ((1<<4) | (1<<5)); // Set channel 2 to PWM Mode 1
 283              		.loc 1 95 17 view .LVU72
 284 004a 264C     		ldr	r4, .L14+16
 285 004c 2040     		ands	r0, r4
 286 004e 9861     		str	r0, [r3, #24]
  96:Src/main.c    ****   TIM3 -> CCMR1 |= ((1<<3) | (1<<11)); // Output compare preload
 287              		.loc 1 96 3 is_stmt 1 view .LVU73
  96:Src/main.c    ****   TIM3 -> CCMR1 |= ((1<<3) | (1<<11)); // Output compare preload
 288              		.loc 1 96 8 is_stmt 0 view .LVU74
 289 0050 9869     		ldr	r0, [r3, #24]
  96:Src/main.c    ****   TIM3 -> CCMR1 |= ((1<<3) | (1<<11)); // Output compare preload
 290              		.loc 1 96 17 view .LVU75
 291 0052 3024     		movs	r4, #48
 292 0054 2043     		orrs	r0, r4
 293 0056 9861     		str	r0, [r3, #24]
  97:Src/main.c    **** 
 294              		.loc 1 97 3 is_stmt 1 view .LVU76
  97:Src/main.c    **** 
 295              		.loc 1 97 8 is_stmt 0 view .LVU77
 296 0058 9C69     		ldr	r4, [r3, #24]
  97:Src/main.c    **** 
 297              		.loc 1 97 17 view .LVU78
 298 005a 2348     		ldr	r0, .L14+20
 299 005c 2043     		orrs	r0, r4
 300 005e 9861     		str	r0, [r3, #24]
 100:Src/main.c    **** 
 301              		.loc 1 100 3 is_stmt 1 view .LVU79
 100:Src/main.c    **** 
 302              		.loc 1 100 8 is_stmt 0 view .LVU80
 303 0060 186A     		ldr	r0, [r3, #32]
 100:Src/main.c    **** 
 304              		.loc 1 100 16 view .LVU81
 305 0062 1124     		movs	r4, #17
 306 0064 2043     		orrs	r0, r4
 307 0066 1862     		str	r0, [r3, #32]
 102:Src/main.c    ****   TIM3 -> CCR2 = 25;
ARM GAS  /var/folders/kb/jp48nf6n0vs1vb3q737nlq0w0000gn/T//ccMDh2OS.s 			page 11


 308              		.loc 1 102 3 is_stmt 1 view .LVU82
 102:Src/main.c    ****   TIM3 -> CCR2 = 25;
 309              		.loc 1 102 16 is_stmt 0 view .LVU83
 310 0068 1920     		movs	r0, #25
 311 006a 5863     		str	r0, [r3, #52]
 103:Src/main.c    **** 
 312              		.loc 1 103 3 is_stmt 1 view .LVU84
 103:Src/main.c    **** 
 313              		.loc 1 103 16 is_stmt 0 view .LVU85
 314 006c 9863     		str	r0, [r3, #56]
 106:Src/main.c    **** 
 315              		.loc 1 106 3 is_stmt 1 view .LVU86
 106:Src/main.c    **** 
 316              		.loc 1 106 8 is_stmt 0 view .LVU87
 317 006e D368     		ldr	r3, [r2, #12]
 106:Src/main.c    **** 
 318              		.loc 1 106 16 view .LVU88
 319 0070 0B43     		orrs	r3, r1
 320 0072 D360     		str	r3, [r2, #12]
 108:Src/main.c    **** 
 321              		.loc 1 108 3 is_stmt 1 view .LVU89
 322              	.LVL11:
 323              	.LBB4:
 324              	.LBI4:
 325              		.file 2 "Drivers/CMSIS/Include/core_cm0.h"
   1:Drivers/CMSIS/Include/core_cm0.h **** /**************************************************************************//**
   2:Drivers/CMSIS/Include/core_cm0.h ****  * @file     core_cm0.h
   3:Drivers/CMSIS/Include/core_cm0.h ****  * @brief    CMSIS Cortex-M0 Core Peripheral Access Layer Header File
   4:Drivers/CMSIS/Include/core_cm0.h ****  * @version  V5.0.5
   5:Drivers/CMSIS/Include/core_cm0.h ****  * @date     28. May 2018
   6:Drivers/CMSIS/Include/core_cm0.h ****  ******************************************************************************/
   7:Drivers/CMSIS/Include/core_cm0.h **** /*
   8:Drivers/CMSIS/Include/core_cm0.h ****  * Copyright (c) 2009-2018 Arm Limited. All rights reserved.
   9:Drivers/CMSIS/Include/core_cm0.h ****  *
  10:Drivers/CMSIS/Include/core_cm0.h ****  * SPDX-License-Identifier: Apache-2.0
  11:Drivers/CMSIS/Include/core_cm0.h ****  *
  12:Drivers/CMSIS/Include/core_cm0.h ****  * Licensed under the Apache License, Version 2.0 (the License); you may
  13:Drivers/CMSIS/Include/core_cm0.h ****  * not use this file except in compliance with the License.
  14:Drivers/CMSIS/Include/core_cm0.h ****  * You may obtain a copy of the License at
  15:Drivers/CMSIS/Include/core_cm0.h ****  *
  16:Drivers/CMSIS/Include/core_cm0.h ****  * www.apache.org/licenses/LICENSE-2.0
  17:Drivers/CMSIS/Include/core_cm0.h ****  *
  18:Drivers/CMSIS/Include/core_cm0.h ****  * Unless required by applicable law or agreed to in writing, software
  19:Drivers/CMSIS/Include/core_cm0.h ****  * distributed under the License is distributed on an AS IS BASIS, WITHOUT
  20:Drivers/CMSIS/Include/core_cm0.h ****  * WARRANTIES OR CONDITIONS OF ANY KIND, either express or implied.
  21:Drivers/CMSIS/Include/core_cm0.h ****  * See the License for the specific language governing permissions and
  22:Drivers/CMSIS/Include/core_cm0.h ****  * limitations under the License.
  23:Drivers/CMSIS/Include/core_cm0.h ****  */
  24:Drivers/CMSIS/Include/core_cm0.h **** 
  25:Drivers/CMSIS/Include/core_cm0.h **** #if   defined ( __ICCARM__ )
  26:Drivers/CMSIS/Include/core_cm0.h ****   #pragma system_include         /* treat file as system include file for MISRA check */
  27:Drivers/CMSIS/Include/core_cm0.h **** #elif defined (__clang__)
  28:Drivers/CMSIS/Include/core_cm0.h ****   #pragma clang system_header   /* treat file as system include file */
  29:Drivers/CMSIS/Include/core_cm0.h **** #endif
  30:Drivers/CMSIS/Include/core_cm0.h **** 
  31:Drivers/CMSIS/Include/core_cm0.h **** #ifndef __CORE_CM0_H_GENERIC
  32:Drivers/CMSIS/Include/core_cm0.h **** #define __CORE_CM0_H_GENERIC
ARM GAS  /var/folders/kb/jp48nf6n0vs1vb3q737nlq0w0000gn/T//ccMDh2OS.s 			page 12


  33:Drivers/CMSIS/Include/core_cm0.h **** 
  34:Drivers/CMSIS/Include/core_cm0.h **** #include <stdint.h>
  35:Drivers/CMSIS/Include/core_cm0.h **** 
  36:Drivers/CMSIS/Include/core_cm0.h **** #ifdef __cplusplus
  37:Drivers/CMSIS/Include/core_cm0.h ****  extern "C" {
  38:Drivers/CMSIS/Include/core_cm0.h **** #endif
  39:Drivers/CMSIS/Include/core_cm0.h **** 
  40:Drivers/CMSIS/Include/core_cm0.h **** /**
  41:Drivers/CMSIS/Include/core_cm0.h ****   \page CMSIS_MISRA_Exceptions  MISRA-C:2004 Compliance Exceptions
  42:Drivers/CMSIS/Include/core_cm0.h ****   CMSIS violates the following MISRA-C:2004 rules:
  43:Drivers/CMSIS/Include/core_cm0.h **** 
  44:Drivers/CMSIS/Include/core_cm0.h ****    \li Required Rule 8.5, object/function definition in header file.<br>
  45:Drivers/CMSIS/Include/core_cm0.h ****      Function definitions in header files are used to allow 'inlining'.
  46:Drivers/CMSIS/Include/core_cm0.h **** 
  47:Drivers/CMSIS/Include/core_cm0.h ****    \li Required Rule 18.4, declaration of union type or object of union type: '{...}'.<br>
  48:Drivers/CMSIS/Include/core_cm0.h ****      Unions are used for effective representation of core registers.
  49:Drivers/CMSIS/Include/core_cm0.h **** 
  50:Drivers/CMSIS/Include/core_cm0.h ****    \li Advisory Rule 19.7, Function-like macro defined.<br>
  51:Drivers/CMSIS/Include/core_cm0.h ****      Function-like macros are used to allow more efficient code.
  52:Drivers/CMSIS/Include/core_cm0.h ****  */
  53:Drivers/CMSIS/Include/core_cm0.h **** 
  54:Drivers/CMSIS/Include/core_cm0.h **** 
  55:Drivers/CMSIS/Include/core_cm0.h **** /*******************************************************************************
  56:Drivers/CMSIS/Include/core_cm0.h ****  *                 CMSIS definitions
  57:Drivers/CMSIS/Include/core_cm0.h ****  ******************************************************************************/
  58:Drivers/CMSIS/Include/core_cm0.h **** /**
  59:Drivers/CMSIS/Include/core_cm0.h ****   \ingroup Cortex_M0
  60:Drivers/CMSIS/Include/core_cm0.h ****   @{
  61:Drivers/CMSIS/Include/core_cm0.h ****  */
  62:Drivers/CMSIS/Include/core_cm0.h **** 
  63:Drivers/CMSIS/Include/core_cm0.h **** #include "cmsis_version.h"
  64:Drivers/CMSIS/Include/core_cm0.h ****  
  65:Drivers/CMSIS/Include/core_cm0.h **** /*  CMSIS CM0 definitions */
  66:Drivers/CMSIS/Include/core_cm0.h **** #define __CM0_CMSIS_VERSION_MAIN  (__CM_CMSIS_VERSION_MAIN)              /*!< \deprecated [31:16] C
  67:Drivers/CMSIS/Include/core_cm0.h **** #define __CM0_CMSIS_VERSION_SUB   (__CM_CMSIS_VERSION_SUB)               /*!< \deprecated [15:0]  C
  68:Drivers/CMSIS/Include/core_cm0.h **** #define __CM0_CMSIS_VERSION       ((__CM0_CMSIS_VERSION_MAIN << 16U) | \
  69:Drivers/CMSIS/Include/core_cm0.h ****                                     __CM0_CMSIS_VERSION_SUB           )  /*!< \deprecated CMSIS HAL
  70:Drivers/CMSIS/Include/core_cm0.h **** 
  71:Drivers/CMSIS/Include/core_cm0.h **** #define __CORTEX_M                (0U)                                   /*!< Cortex-M Core */
  72:Drivers/CMSIS/Include/core_cm0.h **** 
  73:Drivers/CMSIS/Include/core_cm0.h **** /** __FPU_USED indicates whether an FPU is used or not.
  74:Drivers/CMSIS/Include/core_cm0.h ****     This core does not support an FPU at all
  75:Drivers/CMSIS/Include/core_cm0.h **** */
  76:Drivers/CMSIS/Include/core_cm0.h **** #define __FPU_USED       0U
  77:Drivers/CMSIS/Include/core_cm0.h **** 
  78:Drivers/CMSIS/Include/core_cm0.h **** #if defined ( __CC_ARM )
  79:Drivers/CMSIS/Include/core_cm0.h ****   #if defined __TARGET_FPU_VFP
  80:Drivers/CMSIS/Include/core_cm0.h ****     #error "Compiler generates FPU instructions for a device without an FPU (check __FPU_PRESENT)"
  81:Drivers/CMSIS/Include/core_cm0.h ****   #endif
  82:Drivers/CMSIS/Include/core_cm0.h **** 
  83:Drivers/CMSIS/Include/core_cm0.h **** #elif defined (__ARMCC_VERSION) && (__ARMCC_VERSION >= 6010050)
  84:Drivers/CMSIS/Include/core_cm0.h ****   #if defined __ARM_PCS_VFP
  85:Drivers/CMSIS/Include/core_cm0.h ****     #error "Compiler generates FPU instructions for a device without an FPU (check __FPU_PRESENT)"
  86:Drivers/CMSIS/Include/core_cm0.h ****   #endif
  87:Drivers/CMSIS/Include/core_cm0.h **** 
  88:Drivers/CMSIS/Include/core_cm0.h **** #elif defined ( __GNUC__ )
  89:Drivers/CMSIS/Include/core_cm0.h ****   #if defined (__VFP_FP__) && !defined(__SOFTFP__)
ARM GAS  /var/folders/kb/jp48nf6n0vs1vb3q737nlq0w0000gn/T//ccMDh2OS.s 			page 13


  90:Drivers/CMSIS/Include/core_cm0.h ****     #error "Compiler generates FPU instructions for a device without an FPU (check __FPU_PRESENT)"
  91:Drivers/CMSIS/Include/core_cm0.h ****   #endif
  92:Drivers/CMSIS/Include/core_cm0.h **** 
  93:Drivers/CMSIS/Include/core_cm0.h **** #elif defined ( __ICCARM__ )
  94:Drivers/CMSIS/Include/core_cm0.h ****   #if defined __ARMVFP__
  95:Drivers/CMSIS/Include/core_cm0.h ****     #error "Compiler generates FPU instructions for a device without an FPU (check __FPU_PRESENT)"
  96:Drivers/CMSIS/Include/core_cm0.h ****   #endif
  97:Drivers/CMSIS/Include/core_cm0.h **** 
  98:Drivers/CMSIS/Include/core_cm0.h **** #elif defined ( __TI_ARM__ )
  99:Drivers/CMSIS/Include/core_cm0.h ****   #if defined __TI_VFP_SUPPORT__
 100:Drivers/CMSIS/Include/core_cm0.h ****     #error "Compiler generates FPU instructions for a device without an FPU (check __FPU_PRESENT)"
 101:Drivers/CMSIS/Include/core_cm0.h ****   #endif
 102:Drivers/CMSIS/Include/core_cm0.h **** 
 103:Drivers/CMSIS/Include/core_cm0.h **** #elif defined ( __TASKING__ )
 104:Drivers/CMSIS/Include/core_cm0.h ****   #if defined __FPU_VFP__
 105:Drivers/CMSIS/Include/core_cm0.h ****     #error "Compiler generates FPU instructions for a device without an FPU (check __FPU_PRESENT)"
 106:Drivers/CMSIS/Include/core_cm0.h ****   #endif
 107:Drivers/CMSIS/Include/core_cm0.h **** 
 108:Drivers/CMSIS/Include/core_cm0.h **** #elif defined ( __CSMC__ )
 109:Drivers/CMSIS/Include/core_cm0.h ****   #if ( __CSMC__ & 0x400U)
 110:Drivers/CMSIS/Include/core_cm0.h ****     #error "Compiler generates FPU instructions for a device without an FPU (check __FPU_PRESENT)"
 111:Drivers/CMSIS/Include/core_cm0.h ****   #endif
 112:Drivers/CMSIS/Include/core_cm0.h **** 
 113:Drivers/CMSIS/Include/core_cm0.h **** #endif
 114:Drivers/CMSIS/Include/core_cm0.h **** 
 115:Drivers/CMSIS/Include/core_cm0.h **** #include "cmsis_compiler.h"               /* CMSIS compiler specific defines */
 116:Drivers/CMSIS/Include/core_cm0.h **** 
 117:Drivers/CMSIS/Include/core_cm0.h **** 
 118:Drivers/CMSIS/Include/core_cm0.h **** #ifdef __cplusplus
 119:Drivers/CMSIS/Include/core_cm0.h **** }
 120:Drivers/CMSIS/Include/core_cm0.h **** #endif
 121:Drivers/CMSIS/Include/core_cm0.h **** 
 122:Drivers/CMSIS/Include/core_cm0.h **** #endif /* __CORE_CM0_H_GENERIC */
 123:Drivers/CMSIS/Include/core_cm0.h **** 
 124:Drivers/CMSIS/Include/core_cm0.h **** #ifndef __CMSIS_GENERIC
 125:Drivers/CMSIS/Include/core_cm0.h **** 
 126:Drivers/CMSIS/Include/core_cm0.h **** #ifndef __CORE_CM0_H_DEPENDANT
 127:Drivers/CMSIS/Include/core_cm0.h **** #define __CORE_CM0_H_DEPENDANT
 128:Drivers/CMSIS/Include/core_cm0.h **** 
 129:Drivers/CMSIS/Include/core_cm0.h **** #ifdef __cplusplus
 130:Drivers/CMSIS/Include/core_cm0.h ****  extern "C" {
 131:Drivers/CMSIS/Include/core_cm0.h **** #endif
 132:Drivers/CMSIS/Include/core_cm0.h **** 
 133:Drivers/CMSIS/Include/core_cm0.h **** /* check device defines and use defaults */
 134:Drivers/CMSIS/Include/core_cm0.h **** #if defined __CHECK_DEVICE_DEFINES
 135:Drivers/CMSIS/Include/core_cm0.h ****   #ifndef __CM0_REV
 136:Drivers/CMSIS/Include/core_cm0.h ****     #define __CM0_REV               0x0000U
 137:Drivers/CMSIS/Include/core_cm0.h ****     #warning "__CM0_REV not defined in device header file; using default!"
 138:Drivers/CMSIS/Include/core_cm0.h ****   #endif
 139:Drivers/CMSIS/Include/core_cm0.h **** 
 140:Drivers/CMSIS/Include/core_cm0.h ****   #ifndef __NVIC_PRIO_BITS
 141:Drivers/CMSIS/Include/core_cm0.h ****     #define __NVIC_PRIO_BITS          2U
 142:Drivers/CMSIS/Include/core_cm0.h ****     #warning "__NVIC_PRIO_BITS not defined in device header file; using default!"
 143:Drivers/CMSIS/Include/core_cm0.h ****   #endif
 144:Drivers/CMSIS/Include/core_cm0.h **** 
 145:Drivers/CMSIS/Include/core_cm0.h ****   #ifndef __Vendor_SysTickConfig
 146:Drivers/CMSIS/Include/core_cm0.h ****     #define __Vendor_SysTickConfig    0U
ARM GAS  /var/folders/kb/jp48nf6n0vs1vb3q737nlq0w0000gn/T//ccMDh2OS.s 			page 14


 147:Drivers/CMSIS/Include/core_cm0.h ****     #warning "__Vendor_SysTickConfig not defined in device header file; using default!"
 148:Drivers/CMSIS/Include/core_cm0.h ****   #endif
 149:Drivers/CMSIS/Include/core_cm0.h **** #endif
 150:Drivers/CMSIS/Include/core_cm0.h **** 
 151:Drivers/CMSIS/Include/core_cm0.h **** /* IO definitions (access restrictions to peripheral registers) */
 152:Drivers/CMSIS/Include/core_cm0.h **** /**
 153:Drivers/CMSIS/Include/core_cm0.h ****     \defgroup CMSIS_glob_defs CMSIS Global Defines
 154:Drivers/CMSIS/Include/core_cm0.h **** 
 155:Drivers/CMSIS/Include/core_cm0.h ****     <strong>IO Type Qualifiers</strong> are used
 156:Drivers/CMSIS/Include/core_cm0.h ****     \li to specify the access to peripheral variables.
 157:Drivers/CMSIS/Include/core_cm0.h ****     \li for automatic generation of peripheral register debug information.
 158:Drivers/CMSIS/Include/core_cm0.h **** */
 159:Drivers/CMSIS/Include/core_cm0.h **** #ifdef __cplusplus
 160:Drivers/CMSIS/Include/core_cm0.h ****   #define   __I     volatile             /*!< Defines 'read only' permissions */
 161:Drivers/CMSIS/Include/core_cm0.h **** #else
 162:Drivers/CMSIS/Include/core_cm0.h ****   #define   __I     volatile const       /*!< Defines 'read only' permissions */
 163:Drivers/CMSIS/Include/core_cm0.h **** #endif
 164:Drivers/CMSIS/Include/core_cm0.h **** #define     __O     volatile             /*!< Defines 'write only' permissions */
 165:Drivers/CMSIS/Include/core_cm0.h **** #define     __IO    volatile             /*!< Defines 'read / write' permissions */
 166:Drivers/CMSIS/Include/core_cm0.h **** 
 167:Drivers/CMSIS/Include/core_cm0.h **** /* following defines should be used for structure members */
 168:Drivers/CMSIS/Include/core_cm0.h **** #define     __IM     volatile const      /*! Defines 'read only' structure member permissions */
 169:Drivers/CMSIS/Include/core_cm0.h **** #define     __OM     volatile            /*! Defines 'write only' structure member permissions */
 170:Drivers/CMSIS/Include/core_cm0.h **** #define     __IOM    volatile            /*! Defines 'read / write' structure member permissions */
 171:Drivers/CMSIS/Include/core_cm0.h **** 
 172:Drivers/CMSIS/Include/core_cm0.h **** /*@} end of group Cortex_M0 */
 173:Drivers/CMSIS/Include/core_cm0.h **** 
 174:Drivers/CMSIS/Include/core_cm0.h **** 
 175:Drivers/CMSIS/Include/core_cm0.h **** 
 176:Drivers/CMSIS/Include/core_cm0.h **** /*******************************************************************************
 177:Drivers/CMSIS/Include/core_cm0.h ****  *                 Register Abstraction
 178:Drivers/CMSIS/Include/core_cm0.h ****   Core Register contain:
 179:Drivers/CMSIS/Include/core_cm0.h ****   - Core Register
 180:Drivers/CMSIS/Include/core_cm0.h ****   - Core NVIC Register
 181:Drivers/CMSIS/Include/core_cm0.h ****   - Core SCB Register
 182:Drivers/CMSIS/Include/core_cm0.h ****   - Core SysTick Register
 183:Drivers/CMSIS/Include/core_cm0.h ****  ******************************************************************************/
 184:Drivers/CMSIS/Include/core_cm0.h **** /**
 185:Drivers/CMSIS/Include/core_cm0.h ****   \defgroup CMSIS_core_register Defines and Type Definitions
 186:Drivers/CMSIS/Include/core_cm0.h ****   \brief Type definitions and defines for Cortex-M processor based devices.
 187:Drivers/CMSIS/Include/core_cm0.h **** */
 188:Drivers/CMSIS/Include/core_cm0.h **** 
 189:Drivers/CMSIS/Include/core_cm0.h **** /**
 190:Drivers/CMSIS/Include/core_cm0.h ****   \ingroup    CMSIS_core_register
 191:Drivers/CMSIS/Include/core_cm0.h ****   \defgroup   CMSIS_CORE  Status and Control Registers
 192:Drivers/CMSIS/Include/core_cm0.h ****   \brief      Core Register type definitions.
 193:Drivers/CMSIS/Include/core_cm0.h ****   @{
 194:Drivers/CMSIS/Include/core_cm0.h ****  */
 195:Drivers/CMSIS/Include/core_cm0.h **** 
 196:Drivers/CMSIS/Include/core_cm0.h **** /**
 197:Drivers/CMSIS/Include/core_cm0.h ****   \brief  Union type to access the Application Program Status Register (APSR).
 198:Drivers/CMSIS/Include/core_cm0.h ****  */
 199:Drivers/CMSIS/Include/core_cm0.h **** typedef union
 200:Drivers/CMSIS/Include/core_cm0.h **** {
 201:Drivers/CMSIS/Include/core_cm0.h ****   struct
 202:Drivers/CMSIS/Include/core_cm0.h ****   {
 203:Drivers/CMSIS/Include/core_cm0.h ****     uint32_t _reserved0:28;              /*!< bit:  0..27  Reserved */
ARM GAS  /var/folders/kb/jp48nf6n0vs1vb3q737nlq0w0000gn/T//ccMDh2OS.s 			page 15


 204:Drivers/CMSIS/Include/core_cm0.h ****     uint32_t V:1;                        /*!< bit:     28  Overflow condition code flag */
 205:Drivers/CMSIS/Include/core_cm0.h ****     uint32_t C:1;                        /*!< bit:     29  Carry condition code flag */
 206:Drivers/CMSIS/Include/core_cm0.h ****     uint32_t Z:1;                        /*!< bit:     30  Zero condition code flag */
 207:Drivers/CMSIS/Include/core_cm0.h ****     uint32_t N:1;                        /*!< bit:     31  Negative condition code flag */
 208:Drivers/CMSIS/Include/core_cm0.h ****   } b;                                   /*!< Structure used for bit  access */
 209:Drivers/CMSIS/Include/core_cm0.h ****   uint32_t w;                            /*!< Type      used for word access */
 210:Drivers/CMSIS/Include/core_cm0.h **** } APSR_Type;
 211:Drivers/CMSIS/Include/core_cm0.h **** 
 212:Drivers/CMSIS/Include/core_cm0.h **** /* APSR Register Definitions */
 213:Drivers/CMSIS/Include/core_cm0.h **** #define APSR_N_Pos                         31U                                            /*!< APSR
 214:Drivers/CMSIS/Include/core_cm0.h **** #define APSR_N_Msk                         (1UL << APSR_N_Pos)                            /*!< APSR
 215:Drivers/CMSIS/Include/core_cm0.h **** 
 216:Drivers/CMSIS/Include/core_cm0.h **** #define APSR_Z_Pos                         30U                                            /*!< APSR
 217:Drivers/CMSIS/Include/core_cm0.h **** #define APSR_Z_Msk                         (1UL << APSR_Z_Pos)                            /*!< APSR
 218:Drivers/CMSIS/Include/core_cm0.h **** 
 219:Drivers/CMSIS/Include/core_cm0.h **** #define APSR_C_Pos                         29U                                            /*!< APSR
 220:Drivers/CMSIS/Include/core_cm0.h **** #define APSR_C_Msk                         (1UL << APSR_C_Pos)                            /*!< APSR
 221:Drivers/CMSIS/Include/core_cm0.h **** 
 222:Drivers/CMSIS/Include/core_cm0.h **** #define APSR_V_Pos                         28U                                            /*!< APSR
 223:Drivers/CMSIS/Include/core_cm0.h **** #define APSR_V_Msk                         (1UL << APSR_V_Pos)                            /*!< APSR
 224:Drivers/CMSIS/Include/core_cm0.h **** 
 225:Drivers/CMSIS/Include/core_cm0.h **** 
 226:Drivers/CMSIS/Include/core_cm0.h **** /**
 227:Drivers/CMSIS/Include/core_cm0.h ****   \brief  Union type to access the Interrupt Program Status Register (IPSR).
 228:Drivers/CMSIS/Include/core_cm0.h ****  */
 229:Drivers/CMSIS/Include/core_cm0.h **** typedef union
 230:Drivers/CMSIS/Include/core_cm0.h **** {
 231:Drivers/CMSIS/Include/core_cm0.h ****   struct
 232:Drivers/CMSIS/Include/core_cm0.h ****   {
 233:Drivers/CMSIS/Include/core_cm0.h ****     uint32_t ISR:9;                      /*!< bit:  0.. 8  Exception number */
 234:Drivers/CMSIS/Include/core_cm0.h ****     uint32_t _reserved0:23;              /*!< bit:  9..31  Reserved */
 235:Drivers/CMSIS/Include/core_cm0.h ****   } b;                                   /*!< Structure used for bit  access */
 236:Drivers/CMSIS/Include/core_cm0.h ****   uint32_t w;                            /*!< Type      used for word access */
 237:Drivers/CMSIS/Include/core_cm0.h **** } IPSR_Type;
 238:Drivers/CMSIS/Include/core_cm0.h **** 
 239:Drivers/CMSIS/Include/core_cm0.h **** /* IPSR Register Definitions */
 240:Drivers/CMSIS/Include/core_cm0.h **** #define IPSR_ISR_Pos                        0U                                            /*!< IPSR
 241:Drivers/CMSIS/Include/core_cm0.h **** #define IPSR_ISR_Msk                       (0x1FFUL /*<< IPSR_ISR_Pos*/)                  /*!< IPSR
 242:Drivers/CMSIS/Include/core_cm0.h **** 
 243:Drivers/CMSIS/Include/core_cm0.h **** 
 244:Drivers/CMSIS/Include/core_cm0.h **** /**
 245:Drivers/CMSIS/Include/core_cm0.h ****   \brief  Union type to access the Special-Purpose Program Status Registers (xPSR).
 246:Drivers/CMSIS/Include/core_cm0.h ****  */
 247:Drivers/CMSIS/Include/core_cm0.h **** typedef union
 248:Drivers/CMSIS/Include/core_cm0.h **** {
 249:Drivers/CMSIS/Include/core_cm0.h ****   struct
 250:Drivers/CMSIS/Include/core_cm0.h ****   {
 251:Drivers/CMSIS/Include/core_cm0.h ****     uint32_t ISR:9;                      /*!< bit:  0.. 8  Exception number */
 252:Drivers/CMSIS/Include/core_cm0.h ****     uint32_t _reserved0:15;              /*!< bit:  9..23  Reserved */
 253:Drivers/CMSIS/Include/core_cm0.h ****     uint32_t T:1;                        /*!< bit:     24  Thumb bit        (read 0) */
 254:Drivers/CMSIS/Include/core_cm0.h ****     uint32_t _reserved1:3;               /*!< bit: 25..27  Reserved */
 255:Drivers/CMSIS/Include/core_cm0.h ****     uint32_t V:1;                        /*!< bit:     28  Overflow condition code flag */
 256:Drivers/CMSIS/Include/core_cm0.h ****     uint32_t C:1;                        /*!< bit:     29  Carry condition code flag */
 257:Drivers/CMSIS/Include/core_cm0.h ****     uint32_t Z:1;                        /*!< bit:     30  Zero condition code flag */
 258:Drivers/CMSIS/Include/core_cm0.h ****     uint32_t N:1;                        /*!< bit:     31  Negative condition code flag */
 259:Drivers/CMSIS/Include/core_cm0.h ****   } b;                                   /*!< Structure used for bit  access */
 260:Drivers/CMSIS/Include/core_cm0.h ****   uint32_t w;                            /*!< Type      used for word access */
ARM GAS  /var/folders/kb/jp48nf6n0vs1vb3q737nlq0w0000gn/T//ccMDh2OS.s 			page 16


 261:Drivers/CMSIS/Include/core_cm0.h **** } xPSR_Type;
 262:Drivers/CMSIS/Include/core_cm0.h **** 
 263:Drivers/CMSIS/Include/core_cm0.h **** /* xPSR Register Definitions */
 264:Drivers/CMSIS/Include/core_cm0.h **** #define xPSR_N_Pos                         31U                                            /*!< xPSR
 265:Drivers/CMSIS/Include/core_cm0.h **** #define xPSR_N_Msk                         (1UL << xPSR_N_Pos)                            /*!< xPSR
 266:Drivers/CMSIS/Include/core_cm0.h **** 
 267:Drivers/CMSIS/Include/core_cm0.h **** #define xPSR_Z_Pos                         30U                                            /*!< xPSR
 268:Drivers/CMSIS/Include/core_cm0.h **** #define xPSR_Z_Msk                         (1UL << xPSR_Z_Pos)                            /*!< xPSR
 269:Drivers/CMSIS/Include/core_cm0.h **** 
 270:Drivers/CMSIS/Include/core_cm0.h **** #define xPSR_C_Pos                         29U                                            /*!< xPSR
 271:Drivers/CMSIS/Include/core_cm0.h **** #define xPSR_C_Msk                         (1UL << xPSR_C_Pos)                            /*!< xPSR
 272:Drivers/CMSIS/Include/core_cm0.h **** 
 273:Drivers/CMSIS/Include/core_cm0.h **** #define xPSR_V_Pos                         28U                                            /*!< xPSR
 274:Drivers/CMSIS/Include/core_cm0.h **** #define xPSR_V_Msk                         (1UL << xPSR_V_Pos)                            /*!< xPSR
 275:Drivers/CMSIS/Include/core_cm0.h **** 
 276:Drivers/CMSIS/Include/core_cm0.h **** #define xPSR_T_Pos                         24U                                            /*!< xPSR
 277:Drivers/CMSIS/Include/core_cm0.h **** #define xPSR_T_Msk                         (1UL << xPSR_T_Pos)                            /*!< xPSR
 278:Drivers/CMSIS/Include/core_cm0.h **** 
 279:Drivers/CMSIS/Include/core_cm0.h **** #define xPSR_ISR_Pos                        0U                                            /*!< xPSR
 280:Drivers/CMSIS/Include/core_cm0.h **** #define xPSR_ISR_Msk                       (0x1FFUL /*<< xPSR_ISR_Pos*/)                  /*!< xPSR
 281:Drivers/CMSIS/Include/core_cm0.h **** 
 282:Drivers/CMSIS/Include/core_cm0.h **** 
 283:Drivers/CMSIS/Include/core_cm0.h **** /**
 284:Drivers/CMSIS/Include/core_cm0.h ****   \brief  Union type to access the Control Registers (CONTROL).
 285:Drivers/CMSIS/Include/core_cm0.h ****  */
 286:Drivers/CMSIS/Include/core_cm0.h **** typedef union
 287:Drivers/CMSIS/Include/core_cm0.h **** {
 288:Drivers/CMSIS/Include/core_cm0.h ****   struct
 289:Drivers/CMSIS/Include/core_cm0.h ****   {
 290:Drivers/CMSIS/Include/core_cm0.h ****     uint32_t _reserved0:1;               /*!< bit:      0  Reserved */
 291:Drivers/CMSIS/Include/core_cm0.h ****     uint32_t SPSEL:1;                    /*!< bit:      1  Stack to be used */
 292:Drivers/CMSIS/Include/core_cm0.h ****     uint32_t _reserved1:30;              /*!< bit:  2..31  Reserved */
 293:Drivers/CMSIS/Include/core_cm0.h ****   } b;                                   /*!< Structure used for bit  access */
 294:Drivers/CMSIS/Include/core_cm0.h ****   uint32_t w;                            /*!< Type      used for word access */
 295:Drivers/CMSIS/Include/core_cm0.h **** } CONTROL_Type;
 296:Drivers/CMSIS/Include/core_cm0.h **** 
 297:Drivers/CMSIS/Include/core_cm0.h **** /* CONTROL Register Definitions */
 298:Drivers/CMSIS/Include/core_cm0.h **** #define CONTROL_SPSEL_Pos                   1U                                            /*!< CONT
 299:Drivers/CMSIS/Include/core_cm0.h **** #define CONTROL_SPSEL_Msk                  (1UL << CONTROL_SPSEL_Pos)                     /*!< CONT
 300:Drivers/CMSIS/Include/core_cm0.h **** 
 301:Drivers/CMSIS/Include/core_cm0.h **** /*@} end of group CMSIS_CORE */
 302:Drivers/CMSIS/Include/core_cm0.h **** 
 303:Drivers/CMSIS/Include/core_cm0.h **** 
 304:Drivers/CMSIS/Include/core_cm0.h **** /**
 305:Drivers/CMSIS/Include/core_cm0.h ****   \ingroup    CMSIS_core_register
 306:Drivers/CMSIS/Include/core_cm0.h ****   \defgroup   CMSIS_NVIC  Nested Vectored Interrupt Controller (NVIC)
 307:Drivers/CMSIS/Include/core_cm0.h ****   \brief      Type definitions for the NVIC Registers
 308:Drivers/CMSIS/Include/core_cm0.h ****   @{
 309:Drivers/CMSIS/Include/core_cm0.h ****  */
 310:Drivers/CMSIS/Include/core_cm0.h **** 
 311:Drivers/CMSIS/Include/core_cm0.h **** /**
 312:Drivers/CMSIS/Include/core_cm0.h ****   \brief  Structure type to access the Nested Vectored Interrupt Controller (NVIC).
 313:Drivers/CMSIS/Include/core_cm0.h ****  */
 314:Drivers/CMSIS/Include/core_cm0.h **** typedef struct
 315:Drivers/CMSIS/Include/core_cm0.h **** {
 316:Drivers/CMSIS/Include/core_cm0.h ****   __IOM uint32_t ISER[1U];               /*!< Offset: 0x000 (R/W)  Interrupt Set Enable Register */
 317:Drivers/CMSIS/Include/core_cm0.h ****         uint32_t RESERVED0[31U];
ARM GAS  /var/folders/kb/jp48nf6n0vs1vb3q737nlq0w0000gn/T//ccMDh2OS.s 			page 17


 318:Drivers/CMSIS/Include/core_cm0.h ****   __IOM uint32_t ICER[1U];               /*!< Offset: 0x080 (R/W)  Interrupt Clear Enable Register 
 319:Drivers/CMSIS/Include/core_cm0.h ****         uint32_t RSERVED1[31U];
 320:Drivers/CMSIS/Include/core_cm0.h ****   __IOM uint32_t ISPR[1U];               /*!< Offset: 0x100 (R/W)  Interrupt Set Pending Register *
 321:Drivers/CMSIS/Include/core_cm0.h ****         uint32_t RESERVED2[31U];
 322:Drivers/CMSIS/Include/core_cm0.h ****   __IOM uint32_t ICPR[1U];               /*!< Offset: 0x180 (R/W)  Interrupt Clear Pending Register
 323:Drivers/CMSIS/Include/core_cm0.h ****         uint32_t RESERVED3[31U];
 324:Drivers/CMSIS/Include/core_cm0.h ****         uint32_t RESERVED4[64U];
 325:Drivers/CMSIS/Include/core_cm0.h ****   __IOM uint32_t IP[8U];                 /*!< Offset: 0x300 (R/W)  Interrupt Priority Register */
 326:Drivers/CMSIS/Include/core_cm0.h **** }  NVIC_Type;
 327:Drivers/CMSIS/Include/core_cm0.h **** 
 328:Drivers/CMSIS/Include/core_cm0.h **** /*@} end of group CMSIS_NVIC */
 329:Drivers/CMSIS/Include/core_cm0.h **** 
 330:Drivers/CMSIS/Include/core_cm0.h **** 
 331:Drivers/CMSIS/Include/core_cm0.h **** /**
 332:Drivers/CMSIS/Include/core_cm0.h ****   \ingroup  CMSIS_core_register
 333:Drivers/CMSIS/Include/core_cm0.h ****   \defgroup CMSIS_SCB     System Control Block (SCB)
 334:Drivers/CMSIS/Include/core_cm0.h ****   \brief    Type definitions for the System Control Block Registers
 335:Drivers/CMSIS/Include/core_cm0.h ****   @{
 336:Drivers/CMSIS/Include/core_cm0.h ****  */
 337:Drivers/CMSIS/Include/core_cm0.h **** 
 338:Drivers/CMSIS/Include/core_cm0.h **** /**
 339:Drivers/CMSIS/Include/core_cm0.h ****   \brief  Structure type to access the System Control Block (SCB).
 340:Drivers/CMSIS/Include/core_cm0.h ****  */
 341:Drivers/CMSIS/Include/core_cm0.h **** typedef struct
 342:Drivers/CMSIS/Include/core_cm0.h **** {
 343:Drivers/CMSIS/Include/core_cm0.h ****   __IM  uint32_t CPUID;                  /*!< Offset: 0x000 (R/ )  CPUID Base Register */
 344:Drivers/CMSIS/Include/core_cm0.h ****   __IOM uint32_t ICSR;                   /*!< Offset: 0x004 (R/W)  Interrupt Control and State Regi
 345:Drivers/CMSIS/Include/core_cm0.h ****         uint32_t RESERVED0;
 346:Drivers/CMSIS/Include/core_cm0.h ****   __IOM uint32_t AIRCR;                  /*!< Offset: 0x00C (R/W)  Application Interrupt and Reset 
 347:Drivers/CMSIS/Include/core_cm0.h ****   __IOM uint32_t SCR;                    /*!< Offset: 0x010 (R/W)  System Control Register */
 348:Drivers/CMSIS/Include/core_cm0.h ****   __IOM uint32_t CCR;                    /*!< Offset: 0x014 (R/W)  Configuration Control Register *
 349:Drivers/CMSIS/Include/core_cm0.h ****         uint32_t RESERVED1;
 350:Drivers/CMSIS/Include/core_cm0.h ****   __IOM uint32_t SHP[2U];                /*!< Offset: 0x01C (R/W)  System Handlers Priority Registe
 351:Drivers/CMSIS/Include/core_cm0.h ****   __IOM uint32_t SHCSR;                  /*!< Offset: 0x024 (R/W)  System Handler Control and State
 352:Drivers/CMSIS/Include/core_cm0.h **** } SCB_Type;
 353:Drivers/CMSIS/Include/core_cm0.h **** 
 354:Drivers/CMSIS/Include/core_cm0.h **** /* SCB CPUID Register Definitions */
 355:Drivers/CMSIS/Include/core_cm0.h **** #define SCB_CPUID_IMPLEMENTER_Pos          24U                                            /*!< SCB 
 356:Drivers/CMSIS/Include/core_cm0.h **** #define SCB_CPUID_IMPLEMENTER_Msk          (0xFFUL << SCB_CPUID_IMPLEMENTER_Pos)          /*!< SCB 
 357:Drivers/CMSIS/Include/core_cm0.h **** 
 358:Drivers/CMSIS/Include/core_cm0.h **** #define SCB_CPUID_VARIANT_Pos              20U                                            /*!< SCB 
 359:Drivers/CMSIS/Include/core_cm0.h **** #define SCB_CPUID_VARIANT_Msk              (0xFUL << SCB_CPUID_VARIANT_Pos)               /*!< SCB 
 360:Drivers/CMSIS/Include/core_cm0.h **** 
 361:Drivers/CMSIS/Include/core_cm0.h **** #define SCB_CPUID_ARCHITECTURE_Pos         16U                                            /*!< SCB 
 362:Drivers/CMSIS/Include/core_cm0.h **** #define SCB_CPUID_ARCHITECTURE_Msk         (0xFUL << SCB_CPUID_ARCHITECTURE_Pos)          /*!< SCB 
 363:Drivers/CMSIS/Include/core_cm0.h **** 
 364:Drivers/CMSIS/Include/core_cm0.h **** #define SCB_CPUID_PARTNO_Pos                4U                                            /*!< SCB 
 365:Drivers/CMSIS/Include/core_cm0.h **** #define SCB_CPUID_PARTNO_Msk               (0xFFFUL << SCB_CPUID_PARTNO_Pos)              /*!< SCB 
 366:Drivers/CMSIS/Include/core_cm0.h **** 
 367:Drivers/CMSIS/Include/core_cm0.h **** #define SCB_CPUID_REVISION_Pos              0U                                            /*!< SCB 
 368:Drivers/CMSIS/Include/core_cm0.h **** #define SCB_CPUID_REVISION_Msk             (0xFUL /*<< SCB_CPUID_REVISION_Pos*/)          /*!< SCB 
 369:Drivers/CMSIS/Include/core_cm0.h **** 
 370:Drivers/CMSIS/Include/core_cm0.h **** /* SCB Interrupt Control State Register Definitions */
 371:Drivers/CMSIS/Include/core_cm0.h **** #define SCB_ICSR_NMIPENDSET_Pos            31U                                            /*!< SCB 
 372:Drivers/CMSIS/Include/core_cm0.h **** #define SCB_ICSR_NMIPENDSET_Msk            (1UL << SCB_ICSR_NMIPENDSET_Pos)               /*!< SCB 
 373:Drivers/CMSIS/Include/core_cm0.h **** 
 374:Drivers/CMSIS/Include/core_cm0.h **** #define SCB_ICSR_PENDSVSET_Pos             28U                                            /*!< SCB 
ARM GAS  /var/folders/kb/jp48nf6n0vs1vb3q737nlq0w0000gn/T//ccMDh2OS.s 			page 18


 375:Drivers/CMSIS/Include/core_cm0.h **** #define SCB_ICSR_PENDSVSET_Msk             (1UL << SCB_ICSR_PENDSVSET_Pos)                /*!< SCB 
 376:Drivers/CMSIS/Include/core_cm0.h **** 
 377:Drivers/CMSIS/Include/core_cm0.h **** #define SCB_ICSR_PENDSVCLR_Pos             27U                                            /*!< SCB 
 378:Drivers/CMSIS/Include/core_cm0.h **** #define SCB_ICSR_PENDSVCLR_Msk             (1UL << SCB_ICSR_PENDSVCLR_Pos)                /*!< SCB 
 379:Drivers/CMSIS/Include/core_cm0.h **** 
 380:Drivers/CMSIS/Include/core_cm0.h **** #define SCB_ICSR_PENDSTSET_Pos             26U                                            /*!< SCB 
 381:Drivers/CMSIS/Include/core_cm0.h **** #define SCB_ICSR_PENDSTSET_Msk             (1UL << SCB_ICSR_PENDSTSET_Pos)                /*!< SCB 
 382:Drivers/CMSIS/Include/core_cm0.h **** 
 383:Drivers/CMSIS/Include/core_cm0.h **** #define SCB_ICSR_PENDSTCLR_Pos             25U                                            /*!< SCB 
 384:Drivers/CMSIS/Include/core_cm0.h **** #define SCB_ICSR_PENDSTCLR_Msk             (1UL << SCB_ICSR_PENDSTCLR_Pos)                /*!< SCB 
 385:Drivers/CMSIS/Include/core_cm0.h **** 
 386:Drivers/CMSIS/Include/core_cm0.h **** #define SCB_ICSR_ISRPREEMPT_Pos            23U                                            /*!< SCB 
 387:Drivers/CMSIS/Include/core_cm0.h **** #define SCB_ICSR_ISRPREEMPT_Msk            (1UL << SCB_ICSR_ISRPREEMPT_Pos)               /*!< SCB 
 388:Drivers/CMSIS/Include/core_cm0.h **** 
 389:Drivers/CMSIS/Include/core_cm0.h **** #define SCB_ICSR_ISRPENDING_Pos            22U                                            /*!< SCB 
 390:Drivers/CMSIS/Include/core_cm0.h **** #define SCB_ICSR_ISRPENDING_Msk            (1UL << SCB_ICSR_ISRPENDING_Pos)               /*!< SCB 
 391:Drivers/CMSIS/Include/core_cm0.h **** 
 392:Drivers/CMSIS/Include/core_cm0.h **** #define SCB_ICSR_VECTPENDING_Pos           12U                                            /*!< SCB 
 393:Drivers/CMSIS/Include/core_cm0.h **** #define SCB_ICSR_VECTPENDING_Msk           (0x1FFUL << SCB_ICSR_VECTPENDING_Pos)          /*!< SCB 
 394:Drivers/CMSIS/Include/core_cm0.h **** 
 395:Drivers/CMSIS/Include/core_cm0.h **** #define SCB_ICSR_VECTACTIVE_Pos             0U                                            /*!< SCB 
 396:Drivers/CMSIS/Include/core_cm0.h **** #define SCB_ICSR_VECTACTIVE_Msk            (0x1FFUL /*<< SCB_ICSR_VECTACTIVE_Pos*/)       /*!< SCB 
 397:Drivers/CMSIS/Include/core_cm0.h **** 
 398:Drivers/CMSIS/Include/core_cm0.h **** /* SCB Application Interrupt and Reset Control Register Definitions */
 399:Drivers/CMSIS/Include/core_cm0.h **** #define SCB_AIRCR_VECTKEY_Pos              16U                                            /*!< SCB 
 400:Drivers/CMSIS/Include/core_cm0.h **** #define SCB_AIRCR_VECTKEY_Msk              (0xFFFFUL << SCB_AIRCR_VECTKEY_Pos)            /*!< SCB 
 401:Drivers/CMSIS/Include/core_cm0.h **** 
 402:Drivers/CMSIS/Include/core_cm0.h **** #define SCB_AIRCR_VECTKEYSTAT_Pos          16U                                            /*!< SCB 
 403:Drivers/CMSIS/Include/core_cm0.h **** #define SCB_AIRCR_VECTKEYSTAT_Msk          (0xFFFFUL << SCB_AIRCR_VECTKEYSTAT_Pos)        /*!< SCB 
 404:Drivers/CMSIS/Include/core_cm0.h **** 
 405:Drivers/CMSIS/Include/core_cm0.h **** #define SCB_AIRCR_ENDIANESS_Pos            15U                                            /*!< SCB 
 406:Drivers/CMSIS/Include/core_cm0.h **** #define SCB_AIRCR_ENDIANESS_Msk            (1UL << SCB_AIRCR_ENDIANESS_Pos)               /*!< SCB 
 407:Drivers/CMSIS/Include/core_cm0.h **** 
 408:Drivers/CMSIS/Include/core_cm0.h **** #define SCB_AIRCR_SYSRESETREQ_Pos           2U                                            /*!< SCB 
 409:Drivers/CMSIS/Include/core_cm0.h **** #define SCB_AIRCR_SYSRESETREQ_Msk          (1UL << SCB_AIRCR_SYSRESETREQ_Pos)             /*!< SCB 
 410:Drivers/CMSIS/Include/core_cm0.h **** 
 411:Drivers/CMSIS/Include/core_cm0.h **** #define SCB_AIRCR_VECTCLRACTIVE_Pos         1U                                            /*!< SCB 
 412:Drivers/CMSIS/Include/core_cm0.h **** #define SCB_AIRCR_VECTCLRACTIVE_Msk        (1UL << SCB_AIRCR_VECTCLRACTIVE_Pos)           /*!< SCB 
 413:Drivers/CMSIS/Include/core_cm0.h **** 
 414:Drivers/CMSIS/Include/core_cm0.h **** /* SCB System Control Register Definitions */
 415:Drivers/CMSIS/Include/core_cm0.h **** #define SCB_SCR_SEVONPEND_Pos               4U                                            /*!< SCB 
 416:Drivers/CMSIS/Include/core_cm0.h **** #define SCB_SCR_SEVONPEND_Msk              (1UL << SCB_SCR_SEVONPEND_Pos)                 /*!< SCB 
 417:Drivers/CMSIS/Include/core_cm0.h **** 
 418:Drivers/CMSIS/Include/core_cm0.h **** #define SCB_SCR_SLEEPDEEP_Pos               2U                                            /*!< SCB 
 419:Drivers/CMSIS/Include/core_cm0.h **** #define SCB_SCR_SLEEPDEEP_Msk              (1UL << SCB_SCR_SLEEPDEEP_Pos)                 /*!< SCB 
 420:Drivers/CMSIS/Include/core_cm0.h **** 
 421:Drivers/CMSIS/Include/core_cm0.h **** #define SCB_SCR_SLEEPONEXIT_Pos             1U                                            /*!< SCB 
 422:Drivers/CMSIS/Include/core_cm0.h **** #define SCB_SCR_SLEEPONEXIT_Msk            (1UL << SCB_SCR_SLEEPONEXIT_Pos)               /*!< SCB 
 423:Drivers/CMSIS/Include/core_cm0.h **** 
 424:Drivers/CMSIS/Include/core_cm0.h **** /* SCB Configuration Control Register Definitions */
 425:Drivers/CMSIS/Include/core_cm0.h **** #define SCB_CCR_STKALIGN_Pos                9U                                            /*!< SCB 
 426:Drivers/CMSIS/Include/core_cm0.h **** #define SCB_CCR_STKALIGN_Msk               (1UL << SCB_CCR_STKALIGN_Pos)                  /*!< SCB 
 427:Drivers/CMSIS/Include/core_cm0.h **** 
 428:Drivers/CMSIS/Include/core_cm0.h **** #define SCB_CCR_UNALIGN_TRP_Pos             3U                                            /*!< SCB 
 429:Drivers/CMSIS/Include/core_cm0.h **** #define SCB_CCR_UNALIGN_TRP_Msk            (1UL << SCB_CCR_UNALIGN_TRP_Pos)               /*!< SCB 
 430:Drivers/CMSIS/Include/core_cm0.h **** 
 431:Drivers/CMSIS/Include/core_cm0.h **** /* SCB System Handler Control and State Register Definitions */
ARM GAS  /var/folders/kb/jp48nf6n0vs1vb3q737nlq0w0000gn/T//ccMDh2OS.s 			page 19


 432:Drivers/CMSIS/Include/core_cm0.h **** #define SCB_SHCSR_SVCALLPENDED_Pos         15U                                            /*!< SCB 
 433:Drivers/CMSIS/Include/core_cm0.h **** #define SCB_SHCSR_SVCALLPENDED_Msk         (1UL << SCB_SHCSR_SVCALLPENDED_Pos)            /*!< SCB 
 434:Drivers/CMSIS/Include/core_cm0.h **** 
 435:Drivers/CMSIS/Include/core_cm0.h **** /*@} end of group CMSIS_SCB */
 436:Drivers/CMSIS/Include/core_cm0.h **** 
 437:Drivers/CMSIS/Include/core_cm0.h **** 
 438:Drivers/CMSIS/Include/core_cm0.h **** /**
 439:Drivers/CMSIS/Include/core_cm0.h ****   \ingroup  CMSIS_core_register
 440:Drivers/CMSIS/Include/core_cm0.h ****   \defgroup CMSIS_SysTick     System Tick Timer (SysTick)
 441:Drivers/CMSIS/Include/core_cm0.h ****   \brief    Type definitions for the System Timer Registers.
 442:Drivers/CMSIS/Include/core_cm0.h ****   @{
 443:Drivers/CMSIS/Include/core_cm0.h ****  */
 444:Drivers/CMSIS/Include/core_cm0.h **** 
 445:Drivers/CMSIS/Include/core_cm0.h **** /**
 446:Drivers/CMSIS/Include/core_cm0.h ****   \brief  Structure type to access the System Timer (SysTick).
 447:Drivers/CMSIS/Include/core_cm0.h ****  */
 448:Drivers/CMSIS/Include/core_cm0.h **** typedef struct
 449:Drivers/CMSIS/Include/core_cm0.h **** {
 450:Drivers/CMSIS/Include/core_cm0.h ****   __IOM uint32_t CTRL;                   /*!< Offset: 0x000 (R/W)  SysTick Control and Status Regis
 451:Drivers/CMSIS/Include/core_cm0.h ****   __IOM uint32_t LOAD;                   /*!< Offset: 0x004 (R/W)  SysTick Reload Value Register */
 452:Drivers/CMSIS/Include/core_cm0.h ****   __IOM uint32_t VAL;                    /*!< Offset: 0x008 (R/W)  SysTick Current Value Register *
 453:Drivers/CMSIS/Include/core_cm0.h ****   __IM  uint32_t CALIB;                  /*!< Offset: 0x00C (R/ )  SysTick Calibration Register */
 454:Drivers/CMSIS/Include/core_cm0.h **** } SysTick_Type;
 455:Drivers/CMSIS/Include/core_cm0.h **** 
 456:Drivers/CMSIS/Include/core_cm0.h **** /* SysTick Control / Status Register Definitions */
 457:Drivers/CMSIS/Include/core_cm0.h **** #define SysTick_CTRL_COUNTFLAG_Pos         16U                                            /*!< SysT
 458:Drivers/CMSIS/Include/core_cm0.h **** #define SysTick_CTRL_COUNTFLAG_Msk         (1UL << SysTick_CTRL_COUNTFLAG_Pos)            /*!< SysT
 459:Drivers/CMSIS/Include/core_cm0.h **** 
 460:Drivers/CMSIS/Include/core_cm0.h **** #define SysTick_CTRL_CLKSOURCE_Pos          2U                                            /*!< SysT
 461:Drivers/CMSIS/Include/core_cm0.h **** #define SysTick_CTRL_CLKSOURCE_Msk         (1UL << SysTick_CTRL_CLKSOURCE_Pos)            /*!< SysT
 462:Drivers/CMSIS/Include/core_cm0.h **** 
 463:Drivers/CMSIS/Include/core_cm0.h **** #define SysTick_CTRL_TICKINT_Pos            1U                                            /*!< SysT
 464:Drivers/CMSIS/Include/core_cm0.h **** #define SysTick_CTRL_TICKINT_Msk           (1UL << SysTick_CTRL_TICKINT_Pos)              /*!< SysT
 465:Drivers/CMSIS/Include/core_cm0.h **** 
 466:Drivers/CMSIS/Include/core_cm0.h **** #define SysTick_CTRL_ENABLE_Pos             0U                                            /*!< SysT
 467:Drivers/CMSIS/Include/core_cm0.h **** #define SysTick_CTRL_ENABLE_Msk            (1UL /*<< SysTick_CTRL_ENABLE_Pos*/)           /*!< SysT
 468:Drivers/CMSIS/Include/core_cm0.h **** 
 469:Drivers/CMSIS/Include/core_cm0.h **** /* SysTick Reload Register Definitions */
 470:Drivers/CMSIS/Include/core_cm0.h **** #define SysTick_LOAD_RELOAD_Pos             0U                                            /*!< SysT
 471:Drivers/CMSIS/Include/core_cm0.h **** #define SysTick_LOAD_RELOAD_Msk            (0xFFFFFFUL /*<< SysTick_LOAD_RELOAD_Pos*/)    /*!< SysT
 472:Drivers/CMSIS/Include/core_cm0.h **** 
 473:Drivers/CMSIS/Include/core_cm0.h **** /* SysTick Current Register Definitions */
 474:Drivers/CMSIS/Include/core_cm0.h **** #define SysTick_VAL_CURRENT_Pos             0U                                            /*!< SysT
 475:Drivers/CMSIS/Include/core_cm0.h **** #define SysTick_VAL_CURRENT_Msk            (0xFFFFFFUL /*<< SysTick_VAL_CURRENT_Pos*/)    /*!< SysT
 476:Drivers/CMSIS/Include/core_cm0.h **** 
 477:Drivers/CMSIS/Include/core_cm0.h **** /* SysTick Calibration Register Definitions */
 478:Drivers/CMSIS/Include/core_cm0.h **** #define SysTick_CALIB_NOREF_Pos            31U                                            /*!< SysT
 479:Drivers/CMSIS/Include/core_cm0.h **** #define SysTick_CALIB_NOREF_Msk            (1UL << SysTick_CALIB_NOREF_Pos)               /*!< SysT
 480:Drivers/CMSIS/Include/core_cm0.h **** 
 481:Drivers/CMSIS/Include/core_cm0.h **** #define SysTick_CALIB_SKEW_Pos             30U                                            /*!< SysT
 482:Drivers/CMSIS/Include/core_cm0.h **** #define SysTick_CALIB_SKEW_Msk             (1UL << SysTick_CALIB_SKEW_Pos)                /*!< SysT
 483:Drivers/CMSIS/Include/core_cm0.h **** 
 484:Drivers/CMSIS/Include/core_cm0.h **** #define SysTick_CALIB_TENMS_Pos             0U                                            /*!< SysT
 485:Drivers/CMSIS/Include/core_cm0.h **** #define SysTick_CALIB_TENMS_Msk            (0xFFFFFFUL /*<< SysTick_CALIB_TENMS_Pos*/)    /*!< SysT
 486:Drivers/CMSIS/Include/core_cm0.h **** 
 487:Drivers/CMSIS/Include/core_cm0.h **** /*@} end of group CMSIS_SysTick */
 488:Drivers/CMSIS/Include/core_cm0.h **** 
ARM GAS  /var/folders/kb/jp48nf6n0vs1vb3q737nlq0w0000gn/T//ccMDh2OS.s 			page 20


 489:Drivers/CMSIS/Include/core_cm0.h **** 
 490:Drivers/CMSIS/Include/core_cm0.h **** /**
 491:Drivers/CMSIS/Include/core_cm0.h ****   \ingroup  CMSIS_core_register
 492:Drivers/CMSIS/Include/core_cm0.h ****   \defgroup CMSIS_CoreDebug       Core Debug Registers (CoreDebug)
 493:Drivers/CMSIS/Include/core_cm0.h ****   \brief    Cortex-M0 Core Debug Registers (DCB registers, SHCSR, and DFSR) are only accessible ove
 494:Drivers/CMSIS/Include/core_cm0.h ****             Therefore they are not covered by the Cortex-M0 header file.
 495:Drivers/CMSIS/Include/core_cm0.h ****   @{
 496:Drivers/CMSIS/Include/core_cm0.h ****  */
 497:Drivers/CMSIS/Include/core_cm0.h **** /*@} end of group CMSIS_CoreDebug */
 498:Drivers/CMSIS/Include/core_cm0.h **** 
 499:Drivers/CMSIS/Include/core_cm0.h **** 
 500:Drivers/CMSIS/Include/core_cm0.h **** /**
 501:Drivers/CMSIS/Include/core_cm0.h ****   \ingroup    CMSIS_core_register
 502:Drivers/CMSIS/Include/core_cm0.h ****   \defgroup   CMSIS_core_bitfield     Core register bit field macros
 503:Drivers/CMSIS/Include/core_cm0.h ****   \brief      Macros for use with bit field definitions (xxx_Pos, xxx_Msk).
 504:Drivers/CMSIS/Include/core_cm0.h ****   @{
 505:Drivers/CMSIS/Include/core_cm0.h ****  */
 506:Drivers/CMSIS/Include/core_cm0.h **** 
 507:Drivers/CMSIS/Include/core_cm0.h **** /**
 508:Drivers/CMSIS/Include/core_cm0.h ****   \brief   Mask and shift a bit field value for use in a register bit range.
 509:Drivers/CMSIS/Include/core_cm0.h ****   \param[in] field  Name of the register bit field.
 510:Drivers/CMSIS/Include/core_cm0.h ****   \param[in] value  Value of the bit field. This parameter is interpreted as an uint32_t type.
 511:Drivers/CMSIS/Include/core_cm0.h ****   \return           Masked and shifted value.
 512:Drivers/CMSIS/Include/core_cm0.h **** */
 513:Drivers/CMSIS/Include/core_cm0.h **** #define _VAL2FLD(field, value)    (((uint32_t)(value) << field ## _Pos) & field ## _Msk)
 514:Drivers/CMSIS/Include/core_cm0.h **** 
 515:Drivers/CMSIS/Include/core_cm0.h **** /**
 516:Drivers/CMSIS/Include/core_cm0.h ****   \brief     Mask and shift a register value to extract a bit filed value.
 517:Drivers/CMSIS/Include/core_cm0.h ****   \param[in] field  Name of the register bit field.
 518:Drivers/CMSIS/Include/core_cm0.h ****   \param[in] value  Value of register. This parameter is interpreted as an uint32_t type.
 519:Drivers/CMSIS/Include/core_cm0.h ****   \return           Masked and shifted bit field value.
 520:Drivers/CMSIS/Include/core_cm0.h **** */
 521:Drivers/CMSIS/Include/core_cm0.h **** #define _FLD2VAL(field, value)    (((uint32_t)(value) & field ## _Msk) >> field ## _Pos)
 522:Drivers/CMSIS/Include/core_cm0.h **** 
 523:Drivers/CMSIS/Include/core_cm0.h **** /*@} end of group CMSIS_core_bitfield */
 524:Drivers/CMSIS/Include/core_cm0.h **** 
 525:Drivers/CMSIS/Include/core_cm0.h **** 
 526:Drivers/CMSIS/Include/core_cm0.h **** /**
 527:Drivers/CMSIS/Include/core_cm0.h ****   \ingroup    CMSIS_core_register
 528:Drivers/CMSIS/Include/core_cm0.h ****   \defgroup   CMSIS_core_base     Core Definitions
 529:Drivers/CMSIS/Include/core_cm0.h ****   \brief      Definitions for base addresses, unions, and structures.
 530:Drivers/CMSIS/Include/core_cm0.h ****   @{
 531:Drivers/CMSIS/Include/core_cm0.h ****  */
 532:Drivers/CMSIS/Include/core_cm0.h **** 
 533:Drivers/CMSIS/Include/core_cm0.h **** /* Memory mapping of Core Hardware */
 534:Drivers/CMSIS/Include/core_cm0.h **** #define SCS_BASE            (0xE000E000UL)                            /*!< System Control Space Bas
 535:Drivers/CMSIS/Include/core_cm0.h **** #define SysTick_BASE        (SCS_BASE +  0x0010UL)                    /*!< SysTick Base Address */
 536:Drivers/CMSIS/Include/core_cm0.h **** #define NVIC_BASE           (SCS_BASE +  0x0100UL)                    /*!< NVIC Base Address */
 537:Drivers/CMSIS/Include/core_cm0.h **** #define SCB_BASE            (SCS_BASE +  0x0D00UL)                    /*!< System Control Block Bas
 538:Drivers/CMSIS/Include/core_cm0.h **** 
 539:Drivers/CMSIS/Include/core_cm0.h **** #define SCB                 ((SCB_Type       *)     SCB_BASE      )   /*!< SCB configuration struct
 540:Drivers/CMSIS/Include/core_cm0.h **** #define SysTick             ((SysTick_Type   *)     SysTick_BASE  )   /*!< SysTick configuration st
 541:Drivers/CMSIS/Include/core_cm0.h **** #define NVIC                ((NVIC_Type      *)     NVIC_BASE     )   /*!< NVIC configuration struc
 542:Drivers/CMSIS/Include/core_cm0.h **** 
 543:Drivers/CMSIS/Include/core_cm0.h **** 
 544:Drivers/CMSIS/Include/core_cm0.h **** /*@} */
 545:Drivers/CMSIS/Include/core_cm0.h **** 
ARM GAS  /var/folders/kb/jp48nf6n0vs1vb3q737nlq0w0000gn/T//ccMDh2OS.s 			page 21


 546:Drivers/CMSIS/Include/core_cm0.h **** 
 547:Drivers/CMSIS/Include/core_cm0.h **** 
 548:Drivers/CMSIS/Include/core_cm0.h **** /*******************************************************************************
 549:Drivers/CMSIS/Include/core_cm0.h ****  *                Hardware Abstraction Layer
 550:Drivers/CMSIS/Include/core_cm0.h ****   Core Function Interface contains:
 551:Drivers/CMSIS/Include/core_cm0.h ****   - Core NVIC Functions
 552:Drivers/CMSIS/Include/core_cm0.h ****   - Core SysTick Functions
 553:Drivers/CMSIS/Include/core_cm0.h ****   - Core Register Access Functions
 554:Drivers/CMSIS/Include/core_cm0.h ****  ******************************************************************************/
 555:Drivers/CMSIS/Include/core_cm0.h **** /**
 556:Drivers/CMSIS/Include/core_cm0.h ****   \defgroup CMSIS_Core_FunctionInterface Functions and Instructions Reference
 557:Drivers/CMSIS/Include/core_cm0.h **** */
 558:Drivers/CMSIS/Include/core_cm0.h **** 
 559:Drivers/CMSIS/Include/core_cm0.h **** 
 560:Drivers/CMSIS/Include/core_cm0.h **** 
 561:Drivers/CMSIS/Include/core_cm0.h **** /* ##########################   NVIC functions  #################################### */
 562:Drivers/CMSIS/Include/core_cm0.h **** /**
 563:Drivers/CMSIS/Include/core_cm0.h ****   \ingroup  CMSIS_Core_FunctionInterface
 564:Drivers/CMSIS/Include/core_cm0.h ****   \defgroup CMSIS_Core_NVICFunctions NVIC Functions
 565:Drivers/CMSIS/Include/core_cm0.h ****   \brief    Functions that manage interrupts and exceptions via the NVIC.
 566:Drivers/CMSIS/Include/core_cm0.h ****   @{
 567:Drivers/CMSIS/Include/core_cm0.h ****  */
 568:Drivers/CMSIS/Include/core_cm0.h **** 
 569:Drivers/CMSIS/Include/core_cm0.h **** #ifdef CMSIS_NVIC_VIRTUAL
 570:Drivers/CMSIS/Include/core_cm0.h ****   #ifndef CMSIS_NVIC_VIRTUAL_HEADER_FILE
 571:Drivers/CMSIS/Include/core_cm0.h ****     #define CMSIS_NVIC_VIRTUAL_HEADER_FILE "cmsis_nvic_virtual.h"
 572:Drivers/CMSIS/Include/core_cm0.h ****   #endif
 573:Drivers/CMSIS/Include/core_cm0.h ****   #include CMSIS_NVIC_VIRTUAL_HEADER_FILE
 574:Drivers/CMSIS/Include/core_cm0.h **** #else
 575:Drivers/CMSIS/Include/core_cm0.h ****   #define NVIC_SetPriorityGrouping    __NVIC_SetPriorityGrouping
 576:Drivers/CMSIS/Include/core_cm0.h ****   #define NVIC_GetPriorityGrouping    __NVIC_GetPriorityGrouping
 577:Drivers/CMSIS/Include/core_cm0.h ****   #define NVIC_EnableIRQ              __NVIC_EnableIRQ
 578:Drivers/CMSIS/Include/core_cm0.h ****   #define NVIC_GetEnableIRQ           __NVIC_GetEnableIRQ
 579:Drivers/CMSIS/Include/core_cm0.h ****   #define NVIC_DisableIRQ             __NVIC_DisableIRQ
 580:Drivers/CMSIS/Include/core_cm0.h ****   #define NVIC_GetPendingIRQ          __NVIC_GetPendingIRQ
 581:Drivers/CMSIS/Include/core_cm0.h ****   #define NVIC_SetPendingIRQ          __NVIC_SetPendingIRQ
 582:Drivers/CMSIS/Include/core_cm0.h ****   #define NVIC_ClearPendingIRQ        __NVIC_ClearPendingIRQ
 583:Drivers/CMSIS/Include/core_cm0.h **** /*#define NVIC_GetActive              __NVIC_GetActive             not available for Cortex-M0 */
 584:Drivers/CMSIS/Include/core_cm0.h ****   #define NVIC_SetPriority            __NVIC_SetPriority
 585:Drivers/CMSIS/Include/core_cm0.h ****   #define NVIC_GetPriority            __NVIC_GetPriority
 586:Drivers/CMSIS/Include/core_cm0.h ****   #define NVIC_SystemReset            __NVIC_SystemReset
 587:Drivers/CMSIS/Include/core_cm0.h **** #endif /* CMSIS_NVIC_VIRTUAL */
 588:Drivers/CMSIS/Include/core_cm0.h **** 
 589:Drivers/CMSIS/Include/core_cm0.h **** #ifdef CMSIS_VECTAB_VIRTUAL
 590:Drivers/CMSIS/Include/core_cm0.h ****   #ifndef CMSIS_VECTAB_VIRTUAL_HEADER_FILE
 591:Drivers/CMSIS/Include/core_cm0.h ****     #define CMSIS_VECTAB_VIRTUAL_HEADER_FILE "cmsis_vectab_virtual.h"
 592:Drivers/CMSIS/Include/core_cm0.h ****   #endif
 593:Drivers/CMSIS/Include/core_cm0.h ****   #include CMSIS_VECTAB_VIRTUAL_HEADER_FILE
 594:Drivers/CMSIS/Include/core_cm0.h **** #else
 595:Drivers/CMSIS/Include/core_cm0.h ****   #define NVIC_SetVector              __NVIC_SetVector
 596:Drivers/CMSIS/Include/core_cm0.h ****   #define NVIC_GetVector              __NVIC_GetVector
 597:Drivers/CMSIS/Include/core_cm0.h **** #endif  /* (CMSIS_VECTAB_VIRTUAL) */
 598:Drivers/CMSIS/Include/core_cm0.h **** 
 599:Drivers/CMSIS/Include/core_cm0.h **** #define NVIC_USER_IRQ_OFFSET          16
 600:Drivers/CMSIS/Include/core_cm0.h **** 
 601:Drivers/CMSIS/Include/core_cm0.h **** 
 602:Drivers/CMSIS/Include/core_cm0.h **** /* The following EXC_RETURN values are saved the LR on exception entry */
ARM GAS  /var/folders/kb/jp48nf6n0vs1vb3q737nlq0w0000gn/T//ccMDh2OS.s 			page 22


 603:Drivers/CMSIS/Include/core_cm0.h **** #define EXC_RETURN_HANDLER         (0xFFFFFFF1UL)     /* return to Handler mode, uses MSP after ret
 604:Drivers/CMSIS/Include/core_cm0.h **** #define EXC_RETURN_THREAD_MSP      (0xFFFFFFF9UL)     /* return to Thread mode, uses MSP after retu
 605:Drivers/CMSIS/Include/core_cm0.h **** #define EXC_RETURN_THREAD_PSP      (0xFFFFFFFDUL)     /* return to Thread mode, uses PSP after retu
 606:Drivers/CMSIS/Include/core_cm0.h **** 
 607:Drivers/CMSIS/Include/core_cm0.h **** 
 608:Drivers/CMSIS/Include/core_cm0.h **** /* Interrupt Priorities are WORD accessible only under Armv6-M                  */
 609:Drivers/CMSIS/Include/core_cm0.h **** /* The following MACROS handle generation of the register offset and byte masks */
 610:Drivers/CMSIS/Include/core_cm0.h **** #define _BIT_SHIFT(IRQn)         (  ((((uint32_t)(int32_t)(IRQn))         )      &  0x03UL) * 8UL)
 611:Drivers/CMSIS/Include/core_cm0.h **** #define _SHP_IDX(IRQn)           ( (((((uint32_t)(int32_t)(IRQn)) & 0x0FUL)-8UL) >>    2UL)      )
 612:Drivers/CMSIS/Include/core_cm0.h **** #define _IP_IDX(IRQn)            (   (((uint32_t)(int32_t)(IRQn))                >>    2UL)      )
 613:Drivers/CMSIS/Include/core_cm0.h **** 
 614:Drivers/CMSIS/Include/core_cm0.h **** #define __NVIC_SetPriorityGrouping(X) (void)(X)
 615:Drivers/CMSIS/Include/core_cm0.h **** #define __NVIC_GetPriorityGrouping()  (0U)
 616:Drivers/CMSIS/Include/core_cm0.h **** 
 617:Drivers/CMSIS/Include/core_cm0.h **** /**
 618:Drivers/CMSIS/Include/core_cm0.h ****   \brief   Enable Interrupt
 619:Drivers/CMSIS/Include/core_cm0.h ****   \details Enables a device specific interrupt in the NVIC interrupt controller.
 620:Drivers/CMSIS/Include/core_cm0.h ****   \param [in]      IRQn  Device specific interrupt number.
 621:Drivers/CMSIS/Include/core_cm0.h ****   \note    IRQn must not be negative.
 622:Drivers/CMSIS/Include/core_cm0.h ****  */
 623:Drivers/CMSIS/Include/core_cm0.h **** __STATIC_INLINE void __NVIC_EnableIRQ(IRQn_Type IRQn)
 326              		.loc 2 623 22 view .LVU90
 327              	.LBB5:
 624:Drivers/CMSIS/Include/core_cm0.h **** {
 625:Drivers/CMSIS/Include/core_cm0.h ****   if ((int32_t)(IRQn) >= 0)
 328              		.loc 2 625 3 view .LVU91
 626:Drivers/CMSIS/Include/core_cm0.h ****   {
 627:Drivers/CMSIS/Include/core_cm0.h ****     NVIC->ISER[0U] = (uint32_t)(1UL << (((uint32_t)IRQn) & 0x1FUL));
 329              		.loc 2 627 5 view .LVU92
 330              		.loc 2 627 20 is_stmt 0 view .LVU93
 331 0074 1D4B     		ldr	r3, .L14+24
 332 0076 8020     		movs	r0, #128
 333 0078 0002     		lsls	r0, r0, #8
 334 007a 1860     		str	r0, [r3]
 335              	.LVL12:
 336              		.loc 2 627 20 view .LVU94
 337              	.LBE5:
 338              	.LBE4:
 111:Src/main.c    **** 	GPIOC -> MODER |= (1 << 18); // PIN 9 (GREEN)
 339              		.loc 1 111 2 is_stmt 1 view .LVU95
 111:Src/main.c    **** 	GPIOC -> MODER |= (1 << 18); // PIN 9 (GREEN)
 340              		.loc 1 111 8 is_stmt 0 view .LVU96
 341 007c 1C4B     		ldr	r3, .L14+28
 342 007e 1C68     		ldr	r4, [r3]
 111:Src/main.c    **** 	GPIOC -> MODER |= (1 << 18); // PIN 9 (GREEN)
 343              		.loc 1 111 17 view .LVU97
 344 0080 8020     		movs	r0, #128
 345 0082 4002     		lsls	r0, r0, #9
 346 0084 2043     		orrs	r0, r4
 347 0086 1860     		str	r0, [r3]
 112:Src/main.c    **** 
 348              		.loc 1 112 2 is_stmt 1 view .LVU98
 112:Src/main.c    **** 
 349              		.loc 1 112 8 is_stmt 0 view .LVU99
 350 0088 1C68     		ldr	r4, [r3]
 112:Src/main.c    **** 
 351              		.loc 1 112 17 view .LVU100
ARM GAS  /var/folders/kb/jp48nf6n0vs1vb3q737nlq0w0000gn/T//ccMDh2OS.s 			page 23


 352 008a 8020     		movs	r0, #128
 353 008c C002     		lsls	r0, r0, #11
 354 008e 2043     		orrs	r0, r4
 355 0090 1860     		str	r0, [r3]
 114:Src/main.c    **** 	GPIOC -> OTYPER &= ~(1 << 9);
 356              		.loc 1 114 2 is_stmt 1 view .LVU101
 114:Src/main.c    **** 	GPIOC -> OTYPER &= ~(1 << 9);
 357              		.loc 1 114 8 is_stmt 0 view .LVU102
 358 0092 5868     		ldr	r0, [r3, #4]
 114:Src/main.c    **** 	GPIOC -> OTYPER &= ~(1 << 9);
 359              		.loc 1 114 18 view .LVU103
 360 0094 174C     		ldr	r4, .L14+32
 361 0096 2040     		ands	r0, r4
 362 0098 5860     		str	r0, [r3, #4]
 115:Src/main.c    **** 
 363              		.loc 1 115 2 is_stmt 1 view .LVU104
 115:Src/main.c    **** 
 364              		.loc 1 115 8 is_stmt 0 view .LVU105
 365 009a 5868     		ldr	r0, [r3, #4]
 115:Src/main.c    **** 
 366              		.loc 1 115 18 view .LVU106
 367 009c 164C     		ldr	r4, .L14+36
 368 009e 2040     		ands	r0, r4
 369 00a0 5860     		str	r0, [r3, #4]
 117:Src/main.c    **** 	GPIOC -> OSPEEDR &= ~(1 << 18);
 370              		.loc 1 117 2 is_stmt 1 view .LVU107
 117:Src/main.c    **** 	GPIOC -> OSPEEDR &= ~(1 << 18);
 371              		.loc 1 117 8 is_stmt 0 view .LVU108
 372 00a2 9868     		ldr	r0, [r3, #8]
 117:Src/main.c    **** 	GPIOC -> OSPEEDR &= ~(1 << 18);
 373              		.loc 1 117 19 view .LVU109
 374 00a4 154C     		ldr	r4, .L14+40
 375 00a6 2040     		ands	r0, r4
 376 00a8 9860     		str	r0, [r3, #8]
 118:Src/main.c    **** 
 377              		.loc 1 118 2 is_stmt 1 view .LVU110
 118:Src/main.c    **** 
 378              		.loc 1 118 8 is_stmt 0 view .LVU111
 379 00aa 9868     		ldr	r0, [r3, #8]
 118:Src/main.c    **** 
 380              		.loc 1 118 19 view .LVU112
 381 00ac 144C     		ldr	r4, .L14+44
 382 00ae 2040     		ands	r0, r4
 383 00b0 9860     		str	r0, [r3, #8]
 120:Src/main.c    **** 	GPIOC -> PUPDR &= ~((1 << 18)|(1 << 19));
 384              		.loc 1 120 2 is_stmt 1 view .LVU113
 120:Src/main.c    **** 	GPIOC -> PUPDR &= ~((1 << 18)|(1 << 19));
 385              		.loc 1 120 8 is_stmt 0 view .LVU114
 386 00b2 D868     		ldr	r0, [r3, #12]
 120:Src/main.c    **** 	GPIOC -> PUPDR &= ~((1 << 18)|(1 << 19));
 387              		.loc 1 120 17 view .LVU115
 388 00b4 134C     		ldr	r4, .L14+48
 389 00b6 2040     		ands	r0, r4
 390 00b8 D860     		str	r0, [r3, #12]
 121:Src/main.c    **** 
 391              		.loc 1 121 2 is_stmt 1 view .LVU116
 121:Src/main.c    **** 
ARM GAS  /var/folders/kb/jp48nf6n0vs1vb3q737nlq0w0000gn/T//ccMDh2OS.s 			page 24


 392              		.loc 1 121 8 is_stmt 0 view .LVU117
 393 00ba D868     		ldr	r0, [r3, #12]
 121:Src/main.c    **** 
 394              		.loc 1 121 17 view .LVU118
 395 00bc 124C     		ldr	r4, .L14+52
 396 00be 2040     		ands	r0, r4
 397 00c0 D860     		str	r0, [r3, #12]
 124:Src/main.c    **** 
 398              		.loc 1 124 3 is_stmt 1 view .LVU119
 124:Src/main.c    **** 
 399              		.loc 1 124 16 is_stmt 0 view .LVU120
 400 00c2 8020     		movs	r0, #128
 401 00c4 8000     		lsls	r0, r0, #2
 402 00c6 5861     		str	r0, [r3, #20]
 127:Src/main.c    **** 
 403              		.loc 1 127 3 is_stmt 1 view .LVU121
 127:Src/main.c    **** 
 404              		.loc 1 127 8 is_stmt 0 view .LVU122
 405 00c8 1368     		ldr	r3, [r2]
 127:Src/main.c    **** 
 406              		.loc 1 127 15 view .LVU123
 407 00ca 0B43     		orrs	r3, r1
 408 00cc 1360     		str	r3, [r2]
 129:Src/main.c    **** 
 409              		.loc 1 129 1 view .LVU124
 410 00ce 0020     		movs	r0, #0
 411              		@ sp needed
 412 00d0 10BD     		pop	{r4, pc}
 413              	.L15:
 414 00d2 C046     		.align	2
 415              	.L14:
 416 00d4 00100240 		.word	1073876992
 417 00d8 3F1F0000 		.word	7999
 418 00dc 00040040 		.word	1073742848
 419 00e0 FCFCFFFF 		.word	-772
 420 00e4 FFEFFFFF 		.word	-4097
 421 00e8 08080000 		.word	2056
 422 00ec 00E100E0 		.word	-536813312
 423 00f0 00080048 		.word	1207961600
 424 00f4 FFFEFFFF 		.word	-257
 425 00f8 FFFDFFFF 		.word	-513
 426 00fc FFFFFEFF 		.word	-65537
 427 0100 FFFFFBFF 		.word	-262145
 428 0104 FFFFFCFF 		.word	-196609
 429 0108 FFFFF3FF 		.word	-786433
 430              		.cfi_endproc
 431              	.LFE40:
 433              		.text
 434              	.Letext0:
 435              		.file 3 "Drivers/CMSIS/Device/ST/STM32F0xx/Include/stm32f072xb.h"
 436              		.file 4 "/Applications/ArmGNUToolchain/13.2.Rel1/arm-none-eabi/arm-none-eabi/include/machine/_defa
 437              		.file 5 "/Applications/ArmGNUToolchain/13.2.Rel1/arm-none-eabi/arm-none-eabi/include/sys/_stdint.h
 438              		.file 6 "Drivers/STM32F0xx_HAL_Driver/Inc/stm32f0xx_hal_def.h"
 439              		.file 7 "Drivers/STM32F0xx_HAL_Driver/Inc/stm32f0xx_hal_rcc.h"
 440              		.file 8 "Drivers/STM32F0xx_HAL_Driver/Inc/stm32f0xx_hal_cortex.h"
ARM GAS  /var/folders/kb/jp48nf6n0vs1vb3q737nlq0w0000gn/T//ccMDh2OS.s 			page 25


DEFINED SYMBOLS
                            *ABS*:00000000 main.c
/var/folders/kb/jp48nf6n0vs1vb3q737nlq0w0000gn/T//ccMDh2OS.s:19     .text.TIM2_IRQHandler:00000000 $t
/var/folders/kb/jp48nf6n0vs1vb3q737nlq0w0000gn/T//ccMDh2OS.s:25     .text.TIM2_IRQHandler:00000000 TIM2_IRQHandler
/var/folders/kb/jp48nf6n0vs1vb3q737nlq0w0000gn/T//ccMDh2OS.s:56     .text.TIM2_IRQHandler:0000001c $d
/var/folders/kb/jp48nf6n0vs1vb3q737nlq0w0000gn/T//ccMDh2OS.s:61     .text._Error_Handler:00000000 $t
/var/folders/kb/jp48nf6n0vs1vb3q737nlq0w0000gn/T//ccMDh2OS.s:67     .text._Error_Handler:00000000 _Error_Handler
/var/folders/kb/jp48nf6n0vs1vb3q737nlq0w0000gn/T//ccMDh2OS.s:85     .rodata.SystemClock_Config.str1.4:00000000 $d
/var/folders/kb/jp48nf6n0vs1vb3q737nlq0w0000gn/T//ccMDh2OS.s:90     .text.SystemClock_Config:00000000 $t
/var/folders/kb/jp48nf6n0vs1vb3q737nlq0w0000gn/T//ccMDh2OS.s:96     .text.SystemClock_Config:00000000 SystemClock_Config
/var/folders/kb/jp48nf6n0vs1vb3q737nlq0w0000gn/T//ccMDh2OS.s:199    .text.SystemClock_Config:0000006c $d
/var/folders/kb/jp48nf6n0vs1vb3q737nlq0w0000gn/T//ccMDh2OS.s:204    .text.main:00000000 $t
/var/folders/kb/jp48nf6n0vs1vb3q737nlq0w0000gn/T//ccMDh2OS.s:210    .text.main:00000000 main
/var/folders/kb/jp48nf6n0vs1vb3q737nlq0w0000gn/T//ccMDh2OS.s:416    .text.main:000000d4 $d

UNDEFINED SYMBOLS
__aeabi_uidiv
HAL_RCC_OscConfig
HAL_RCC_ClockConfig
HAL_RCC_GetHCLKFreq
HAL_SYSTICK_Config
HAL_SYSTICK_CLKSourceConfig
HAL_NVIC_SetPriority
